Arguments: 
  /Users/vramirezurueta/.nvm/versions/node/v12.22.1/bin/node /Users/vramirezurueta/.nvm/versions/node/v12.22.1/bin/yarn

PATH: 
  /Users/vramirezurueta/.nvm/versions/node/v12.22.1/bin:/usr/local/bin:/usr/bin:/bin:/usr/sbin:/sbin:/Library/Apple/usr/bin

Yarn version: 
  1.22.17

Node version: 
  12.22.1

Platform: 
  darwin x64

Trace: 
  Error: getaddrinfo ENOTFOUND npm.paypal.com
      at GetAddrInfoReqWrap.onlookup [as oncomplete] (dns.js:66:26)

npm manifest: 
  {
    "name": "server",
    "version": "1.0.0",
    "description": "Tech blog using node, Typescript and GraphQl",
    "main": "index.js",
    "scripts": {
      "gen-env": "npx gen-env-types .env -o src/env.d.ts -e .",
      "build": "tsc",
      "watch": "tsc -w",
      "dev": "nodemon dist/index.js",
      "start": "node dist/index.js"
    },
    "author": "Victor Ramirez",
    "license": "MIT",
    "devDependencies": {
      "@types/connect-redis": "^0.0.17",
      "@types/cors": "^2.8.12",
      "@types/express": "^4.17.13",
      "@types/express-session": "^1.17.4",
      "@types/ioredis": "^4.28.1",
      "@types/node": "^16.11.9",
      "@types/nodemailer": "^6.4.4",
      "@types/redis": "^2.8.32",
      "@types/uuid": "^8.3.3",
      "@types/validator": "^13.7.0",
      "gen-env-types": "^1.3.0",
      "ts-node": "^10.4.0",
      "typescript": "^4.5.2"
    },
    "dependencies": {
      "apollo-server-express": "^2.19.2",
      "argon2": "^0.28.2",
      "class-validator": "^0.13.2",
      "connect-pg-simple": "^7.0.0",
      "connect-redis": "^6.0.0",
      "cors": "^2.8.5",
      "dataloader": "^2.0.0",
      "dotenv": "^10.0.0",
      "dotenv-safe": "^8.2.0",
      "express": "^4.17.1",
      "express-session": "^1.17.2",
      "graphql": "^15.5.0",
      "ioredis": "^4.28.0",
      "nodemailer": "^6.7.1",
      "pg": "^8.7.1",
      "reflect-metadata": "^0.1.13",
      "type-graphql": "^1.1.1",
      "typeorm": "^0.2.41",
      "uuid": "^8.3.2"
    }
  }

yarn manifest: 
  No manifest

Lockfile: 
  # THIS IS AN AUTOGENERATED FILE. DO NOT EDIT THIS FILE DIRECTLY.
  # yarn lockfile v1
  
  
  "@apollo/protobufjs@1.2.2":
    version "1.2.2"
    resolved "https://artifactory.g.devqa.gcp.dev.paypalinc.com/artifactory/api/npm/npm-all/@apollo/protobufjs/-/protobufjs-1.2.2.tgz#4bd92cd7701ccaef6d517cdb75af2755f049f87c"
    integrity sha1-S9ks13Acyu9tUXzbda8nVfBJ+Hw=
    dependencies:
      "@protobufjs/aspromise" "^1.1.2"
      "@protobufjs/base64" "^1.1.2"
      "@protobufjs/codegen" "^2.0.4"
      "@protobufjs/eventemitter" "^1.1.0"
      "@protobufjs/fetch" "^1.1.0"
      "@protobufjs/float" "^1.0.2"
      "@protobufjs/inquire" "^1.1.0"
      "@protobufjs/path" "^1.1.2"
      "@protobufjs/pool" "^1.1.0"
      "@protobufjs/utf8" "^1.1.0"
      "@types/long" "^4.0.0"
      "@types/node" "^10.1.0"
      long "^4.0.0"
  
  "@apollographql/apollo-tools@^0.5.1":
    version "0.5.2"
    resolved "https://artifactory.g.devqa.gcp.dev.paypalinc.com/artifactory/api/npm/npm-all/@apollographql/apollo-tools/-/apollo-tools-0.5.2.tgz#01750a655731a198c3634ee819c463254a7c7767"
    integrity sha1-AXUKZVcxoZjDY07oGcRjJUp8d2c=
  
  "@apollographql/graphql-playground-html@1.6.29":
    version "1.6.29"
    resolved "https://artifactory.g.devqa.gcp.dev.paypalinc.com/artifactory/api/npm/npm-all/@apollographql/graphql-playground-html/-/graphql-playground-html-1.6.29.tgz#a7a646614a255f62e10dcf64a7f68ead41dec453"
    integrity sha1-p6ZGYUolX2LhDc9kp/aOrUHexFM=
    dependencies:
      xss "^1.0.8"
  
  "@cspotcode/source-map-consumer@0.8.0":
    version "0.8.0"
    resolved "https://artifactory.g.devqa.gcp.dev.paypalinc.com/artifactory/api/npm/npm-all/@cspotcode/source-map-consumer/-/source-map-consumer-0.8.0.tgz#33bf4b7b39c178821606f669bbc447a6a629786b"
    integrity sha1-M79LeznBeIIWBvZpu8RHpqYpeGs=
  
  "@cspotcode/source-map-support@0.7.0":
    version "0.7.0"
    resolved "https://artifactory.g.devqa.gcp.dev.paypalinc.com/artifactory/api/npm/npm-all/@cspotcode/source-map-support/-/source-map-support-0.7.0.tgz#4789840aa859e46d2f3173727ab707c66bf344f5"
    integrity sha1-R4mECqhZ5G0vMXNyercHxmvzRPU=
    dependencies:
      "@cspotcode/source-map-consumer" "0.8.0"
  
  "@graphql-tools/merge@^8.2.1":
    version "8.2.1"
    resolved "https://artifactory.g.devqa.gcp.dev.paypalinc.com/artifactory/api/npm/npm-all/@graphql-tools/merge/-/merge-8.2.1.tgz#bf83aa06a0cfc6a839e52a58057a84498d0d51ff"
    integrity sha1-v4OqBqDPxqg55SpYBXqESY0NUf8=
    dependencies:
      "@graphql-tools/utils" "^8.5.1"
      tslib "~2.3.0"
  
  "@graphql-tools/mock@^8.1.2":
    version "8.4.3"
    resolved "https://artifactory.g.devqa.gcp.dev.paypalinc.com/artifactory/api/npm/npm-all/@graphql-tools/mock/-/mock-8.4.3.tgz#9d4838ba583969ae70c187e5cdb5cf286e266cd7"
    integrity sha1-nUg4ulg5aa5wwYflzbXPKG4mbNc=
    dependencies:
      "@graphql-tools/schema" "^8.3.1"
      "@graphql-tools/utils" "^8.5.1"
      fast-json-stable-stringify "^2.1.0"
      tslib "~2.3.0"
  
  "@graphql-tools/schema@^8.0.0", "@graphql-tools/schema@^8.3.1":
    version "8.3.1"
    resolved "https://artifactory.g.devqa.gcp.dev.paypalinc.com/artifactory/api/npm/npm-all/@graphql-tools/schema/-/schema-8.3.1.tgz#1ee9da494d2da457643b3c93502b94c3c4b68c74"
    integrity sha1-HunaSU0tpFdkOzyTUCuUw8S2jHQ=
    dependencies:
      "@graphql-tools/merge" "^8.2.1"
      "@graphql-tools/utils" "^8.5.1"
      tslib "~2.3.0"
      value-or-promise "1.0.11"
  
  "@graphql-tools/utils@^8.0.0", "@graphql-tools/utils@^8.5.1":
    version "8.5.3"
    resolved "https://artifactory.g.devqa.gcp.dev.paypalinc.com/artifactory/api/npm/npm-all/@graphql-tools/utils/-/utils-8.5.3.tgz#404062e62cae9453501197039687749c4885356e"
    integrity sha1-QEBi5iyulFNQEZcDlod0nEiFNW4=
    dependencies:
      tslib "~2.3.0"
  
  "@josephg/resolvable@^1.0.0":
    version "1.0.1"
    resolved "https://artifactory.g.devqa.gcp.dev.paypalinc.com/artifactory/api/npm/npm-all/@josephg/resolvable/-/resolvable-1.0.1.tgz#69bc4db754d79e1a2f17a650d3466e038d94a5eb"
    integrity sha1-abxNt1TXnhovF6ZQ00ZuA42Upes=
  
  "@mapbox/node-pre-gyp@^1.0.1":
    version "1.0.7"
    resolved "https://artifactory.g.devqa.gcp.dev.paypalinc.com/artifactory/api/npm/npm-all/@mapbox/node-pre-gyp/-/node-pre-gyp-1.0.7.tgz#a26919cac6595662703330d1820a0ca206f45521"
    integrity sha1-omkZysZZVmJwMzDRggoMogb0VSE=
    dependencies:
      detect-libc "^1.0.3"
      https-proxy-agent "^5.0.0"
      make-dir "^3.1.0"
      node-fetch "^2.6.5"
      nopt "^5.0.0"
      npmlog "^6.0.0"
      rimraf "^3.0.2"
      semver "^7.3.5"
      tar "^6.1.11"
  
  "@phc/format@^1.0.0":
    version "1.0.0"
    resolved "https://artifactory.g.devqa.gcp.dev.paypalinc.com/artifactory/api/npm/npm-all/@phc/format/-/format-1.0.0.tgz#b5627003b3216dc4362125b13f48a4daa76680e4"
    integrity sha1-tWJwA7MhbcQ2ISWxP0ik2qdmgOQ=
  
  "@protobufjs/aspromise@^1.1.1", "@protobufjs/aspromise@^1.1.2":
    version "1.1.2"
    resolved "https://artifactory.g.devqa.gcp.dev.paypalinc.com/artifactory/api/npm/npm-all/@protobufjs/aspromise/-/aspromise-1.1.2.tgz#9b8b0cc663d669a7d8f6f5d0893a14d348f30fbf"
    integrity sha1-m4sMxmPWaafY9vXQiToU00jzD78=
  
  "@protobufjs/base64@^1.1.2":
    version "1.1.2"
    resolved "https://artifactory.g.devqa.gcp.dev.paypalinc.com/artifactory/api/npm/npm-all/@protobufjs/base64/-/base64-1.1.2.tgz#4c85730e59b9a1f1f349047dbf24296034bb2735"
    integrity sha1-TIVzDlm5ofHzSQR9vyQpYDS7JzU=
  
  "@protobufjs/codegen@^2.0.4":
    version "2.0.4"
    resolved "https://artifactory.g.devqa.gcp.dev.paypalinc.com/artifactory/api/npm/npm-all/@protobufjs/codegen/-/codegen-2.0.4.tgz#7ef37f0d010fb028ad1ad59722e506d9262815cb"
    integrity sha1-fvN/DQEPsCitGtWXIuUG2SYoFcs=
  
  "@protobufjs/eventemitter@^1.1.0":
    version "1.1.0"
    resolved "https://artifactory.g.devqa.gcp.dev.paypalinc.com/artifactory/api/npm/npm-all/@protobufjs/eventemitter/-/eventemitter-1.1.0.tgz#355cbc98bafad5978f9ed095f397621f1d066b70"
    integrity sha1-NVy8mLr61ZePntCV85diHx0Ga3A=
  
  "@protobufjs/fetch@^1.1.0":
    version "1.1.0"
    resolved "https://artifactory.g.devqa.gcp.dev.paypalinc.com/artifactory/api/npm/npm-all/@protobufjs/fetch/-/fetch-1.1.0.tgz#ba99fb598614af65700c1619ff06d454b0d84c45"
    integrity sha1-upn7WYYUr2VwDBYZ/wbUVLDYTEU=
    dependencies:
      "@protobufjs/aspromise" "^1.1.1"
      "@protobufjs/inquire" "^1.1.0"
  
  "@protobufjs/float@^1.0.2":
    version "1.0.2"
    resolved "https://artifactory.g.devqa.gcp.dev.paypalinc.com/artifactory/api/npm/npm-all/@protobufjs/float/-/float-1.0.2.tgz#5e9e1abdcb73fc0a7cb8b291df78c8cbd97b87d1"
    integrity sha1-Xp4avctz/Ap8uLKR33jIy9l7h9E=
  
  "@protobufjs/inquire@^1.1.0":
    version "1.1.0"
    resolved "https://artifactory.g.devqa.gcp.dev.paypalinc.com/artifactory/api/npm/npm-all/@protobufjs/inquire/-/inquire-1.1.0.tgz#ff200e3e7cf2429e2dcafc1140828e8cc638f089"
    integrity sha1-/yAOPnzyQp4tyvwRQIKOjMY48Ik=
  
  "@protobufjs/path@^1.1.2":
    version "1.1.2"
    resolved "https://artifactory.g.devqa.gcp.dev.paypalinc.com/artifactory/api/npm/npm-all/@protobufjs/path/-/path-1.1.2.tgz#6cc2b20c5c9ad6ad0dccfd21ca7673d8d7fbf68d"
    integrity sha1-bMKyDFya1q0NzP0hynZz2Nf79o0=
  
  "@protobufjs/pool@^1.1.0":
    version "1.1.0"
    resolved "https://artifactory.g.devqa.gcp.dev.paypalinc.com/artifactory/api/npm/npm-all/@protobufjs/pool/-/pool-1.1.0.tgz#09fd15f2d6d3abfa9b65bc366506d6ad7846ff54"
    integrity sha1-Cf0V8tbTq/qbZbw2ZQbWrXhG/1Q=
  
  "@protobufjs/utf8@^1.1.0":
    version "1.1.0"
    resolved "https://artifactory.g.devqa.gcp.dev.paypalinc.com/artifactory/api/npm/npm-all/@protobufjs/utf8/-/utf8-1.1.0.tgz#a777360b5b39a1a2e5106f8e858f2fd2d060c570"
    integrity sha1-p3c2C1s5oaLlEG+OhY8v0tBgxXA=
  
  "@sqltools/formatter@^1.2.2":
    version "1.2.3"
    resolved "https://artifactory.g.devqa.gcp.dev.paypalinc.com/artifactory/api/npm/npm-all/@sqltools/formatter/-/formatter-1.2.3.tgz#1185726610acc37317ddab11c3c7f9066966bd20"
    integrity sha1-EYVyZhCsw3MX3asRw8f5BmlmvSA=
  
  "@tsconfig/node10@^1.0.7":
    version "1.0.8"
    resolved "https://artifactory.g.devqa.gcp.dev.paypalinc.com/artifactory/api/npm/npm-all/@tsconfig/node10/-/node10-1.0.8.tgz#c1e4e80d6f964fbecb3359c43bd48b40f7cadad9"
    integrity sha1-weToDW+WT77LM1nEO9SLQPfK2tk=
  
  "@tsconfig/node12@^1.0.7":
    version "1.0.9"
    resolved "https://artifactory.g.devqa.gcp.dev.paypalinc.com/artifactory/api/npm/npm-all/@tsconfig/node12/-/node12-1.0.9.tgz#62c1f6dee2ebd9aead80dc3afa56810e58e1a04c"
    integrity sha1-YsH23uLr2a6tgNw6+laBDljhoEw=
  
  "@tsconfig/node14@^1.0.0":
    version "1.0.1"
    resolved "https://artifactory.g.devqa.gcp.dev.paypalinc.com/artifactory/api/npm/npm-all/@tsconfig/node14/-/node14-1.0.1.tgz#95f2d167ffb9b8d2068b0b235302fafd4df711f2"
    integrity sha1-lfLRZ/+5uNIGiwsjUwL6/U33EfI=
  
  "@tsconfig/node16@^1.0.2":
    version "1.0.2"
    resolved "https://artifactory.g.devqa.gcp.dev.paypalinc.com/artifactory/api/npm/npm-all/@tsconfig/node16/-/node16-1.0.2.tgz#423c77877d0569db20e1fc80885ac4118314010e"
    integrity sha1-Qjx3h30Fadsg4fyAiFrEEYMUAQ4=
  
  "@types/accepts@^1.3.5":
    version "1.3.5"
    resolved "https://artifactory.g.devqa.gcp.dev.paypalinc.com/artifactory/api/npm/npm-all/@types/accepts/-/accepts-1.3.5.tgz#c34bec115cfc746e04fe5a059df4ce7e7b391575"
    integrity sha1-w0vsEVz8dG4E/loFnfTOfns5FXU=
    dependencies:
      "@types/node" "*"
  
  "@types/body-parser@*":
    version "1.19.2"
    resolved "https://artifactory.g.devqa.gcp.dev.paypalinc.com/artifactory/api/npm/npm-all/@types/body-parser/-/body-parser-1.19.2.tgz#aea2059e28b7658639081347ac4fab3de166e6f0"
    integrity sha1-rqIFnii3ZYY5CBNHrE+rPeFm5vA=
    dependencies:
      "@types/connect" "*"
      "@types/node" "*"
  
  "@types/body-parser@1.19.1":
    version "1.19.1"
    resolved "https://artifactory.g.devqa.gcp.dev.paypalinc.com/artifactory/api/npm/npm-all/@types/body-parser/-/body-parser-1.19.1.tgz#0c0174c42a7d017b818303d4b5d969cb0b75929c"
    integrity sha1-DAF0xCp9AXuBgwPUtdlpywt1kpw=
    dependencies:
      "@types/connect" "*"
      "@types/node" "*"
  
  "@types/connect-redis@^0.0.17":
    version "0.0.17"
    resolved "https://artifactory.g.devqa.gcp.dev.paypalinc.com/artifactory/api/npm/npm-all/@types/connect-redis/-/connect-redis-0.0.17.tgz#657e13c22dd9ad1a0486ebf8f8df66aebce617e4"
    integrity sha1-ZX4Twi3ZrRoEhuv4+N9mrrzmF+Q=
    dependencies:
      "@types/express" "*"
      "@types/express-session" "*"
      "@types/ioredis" "*"
      "@types/redis" "*"
  
  "@types/connect@*":
    version "3.4.35"
    resolved "https://artifactory.g.devqa.gcp.dev.paypalinc.com/artifactory/api/npm/npm-all/@types/connect/-/connect-3.4.35.tgz#5fcf6ae445e4021d1fc2219a4873cc73a3bb2ad1"
    integrity sha1-X89q5EXkAh0fwiGaSHPMc6O7KtE=
    dependencies:
      "@types/node" "*"
  
  "@types/cors@2.8.12", "@types/cors@^2.8.12":
    version "2.8.12"
    resolved "https://artifactory.g.devqa.gcp.dev.paypalinc.com/artifactory/api/npm/npm-all/@types/cors/-/cors-2.8.12.tgz#6b2c510a7ad7039e98e7b8d3d6598f4359e5c080"
    integrity sha1-ayxRCnrXA56Y57jT1lmPQ1nlwIA=
  
  "@types/express-serve-static-core@4.17.24":
    version "4.17.24"
    resolved "https://artifactory.g.devqa.gcp.dev.paypalinc.com/artifactory/api/npm/npm-all/@types/express-serve-static-core/-/express-serve-static-core-4.17.24.tgz#ea41f93bf7e0d59cd5a76665068ed6aab6815c07"
    integrity sha1-6kH5O/fg1ZzVp2ZlBo7WqraBXAc=
    dependencies:
      "@types/node" "*"
      "@types/qs" "*"
      "@types/range-parser" "*"
  
  "@types/express-serve-static-core@^4.17.18":
    version "4.17.25"
    resolved "https://artifactory.g.devqa.gcp.dev.paypalinc.com/artifactory/api/npm/npm-all/@types/express-serve-static-core/-/express-serve-static-core-4.17.25.tgz#e42f7046adc65ece2eb6059b77aecfbe9e9f82e0"
    integrity sha1-5C9wRq3GXs4utgWbd67Pvp6fguA=
    dependencies:
      "@types/node" "*"
      "@types/qs" "*"
      "@types/range-parser" "*"
  
  "@types/express-session@*", "@types/express-session@^1.17.4":
    version "1.17.4"
    resolved "https://artifactory.g.devqa.gcp.dev.paypalinc.com/artifactory/api/npm/npm-all/@types/express-session/-/express-session-1.17.4.tgz#97a30a35e853a61bdd26e727453b8ed314d6166b"
    integrity sha1-l6MKNehTphvdJucnRTuO0xTWFms=
    dependencies:
      "@types/express" "*"
  
  "@types/express@*", "@types/express@4.17.13", "@types/express@^4.17.13":
    version "4.17.13"
    resolved "https://artifactory.g.devqa.gcp.dev.paypalinc.com/artifactory/api/npm/npm-all/@types/express/-/express-4.17.13.tgz#a76e2995728999bab51a33fabce1d705a3709034"
    integrity sha1-p24plXKJmbq1GjP6vOHXBaNwkDQ=
    dependencies:
      "@types/body-parser" "*"
      "@types/express-serve-static-core" "^4.17.18"
      "@types/qs" "*"
      "@types/serve-static" "*"
  
  "@types/glob@^7.1.3":
    version "7.2.0"
    resolved "https://artifactory.g.devqa.gcp.dev.paypalinc.com/artifactory/api/npm/npm-all/@types/glob/-/glob-7.2.0.tgz#bc1b5bf3aa92f25bd5dd39f35c57361bdce5b2eb"
    integrity sha1-vBtb86qS8lvV3TnzXFc2G9zlsus=
    dependencies:
      "@types/minimatch" "*"
      "@types/node" "*"
  
  "@types/ioredis@*", "@types/ioredis@^4.28.1":
    version "4.28.1"
    resolved "https://artifactory.g.devqa.gcp.dev.paypalinc.com/artifactory/api/npm/npm-all/@types/ioredis/-/ioredis-4.28.1.tgz#27d66f4c0540145826d984b6d0a5b54bbb88c32a"
    integrity sha1-J9ZvTAVAFFgm2YS20KW1S7uIwyo=
    dependencies:
      "@types/node" "*"
  
  "@types/long@^4.0.0":
    version "4.0.1"
    resolved "https://artifactory.g.devqa.gcp.dev.paypalinc.com/artifactory/api/npm/npm-all/@types/long/-/long-4.0.1.tgz#459c65fa1867dafe6a8f322c4c51695663cc55e9"
    integrity sha1-RZxl+hhn2v5qjzIsTFFpVmPMVek=
  
  "@types/mime@^1":
    version "1.3.2"
    resolved "https://artifactory.g.devqa.gcp.dev.paypalinc.com/artifactory/api/npm/npm-all/@types/mime/-/mime-1.3.2.tgz#93e25bf9ee75fe0fd80b594bc4feb0e862111b5a"
    integrity sha1-k+Jb+e51/g/YC1lLxP6w6GIRG1o=
  
  "@types/minimatch@*":
    version "3.0.5"
    resolved "https://artifactory.g.devqa.gcp.dev.paypalinc.com/artifactory/api/npm/npm-all/@types/minimatch/-/minimatch-3.0.5.tgz#1001cc5e6a3704b83c236027e77f2f58ea010f40"
    integrity sha1-EAHMXmo3BLg8I2An538vWOoBD0A=
  
  "@types/node@*", "@types/node@^16.11.9":
    version "16.11.9"
    resolved "https://artifactory.g.devqa.gcp.dev.paypalinc.com/artifactory/api/npm/npm-all/@types/node/-/node-16.11.9.tgz#879be3ad7af29f4c1a5c433421bf99fab7047185"
    integrity sha1-h5vjrXryn0waXEM0Ib+Z+rcEcYU=
  
  "@types/node@^10.1.0":
    version "10.17.60"
    resolved "https://artifactory.g.devqa.gcp.dev.paypalinc.com/artifactory/api/npm/npm-all/@types/node/-/node-10.17.60.tgz#35f3d6213daed95da7f0f73e75bcc6980e90597b"
    integrity sha1-NfPWIT2u2V2n8Pc+dbzGmA6QWXs=
  
  "@types/node@^14.11.2":
    version "14.17.34"
    resolved "https://artifactory.g.devqa.gcp.dev.paypalinc.com/artifactory/api/npm/npm-all/@types/node/-/node-14.17.34.tgz#fe4b38b3f07617c0fa31ae923fca9249641038f0"
    integrity sha1-/ks4s/B2F8D6Ma6SP8qSSWQQOPA=
  
  "@types/nodemailer@^6.4.4":
    version "6.4.4"
    resolved "https://artifactory.g.devqa.gcp.dev.paypalinc.com/artifactory/api/npm/npm-all/@types/nodemailer/-/nodemailer-6.4.4.tgz#c265f7e7a51df587597b3a49a023acaf0c741f4b"
    integrity sha1-wmX356Ud9YdZezpJoCOsrwx0H0s=
    dependencies:
      "@types/node" "*"
  
  "@types/pg@^8.6.1":
    version "8.6.1"
    resolved "https://artifactory.g.devqa.gcp.dev.paypalinc.com/artifactory/api/npm/npm-all/@types/pg/-/pg-8.6.1.tgz#099450b8dc977e8197a44f5229cedef95c8747f9"
    integrity sha1-CZRQuNyXfoGXpE9SKc7e+VyHR/k=
    dependencies:
      "@types/node" "*"
      pg-protocol "*"
      pg-types "^2.2.0"
  
  "@types/qs@*":
    version "6.9.7"
    resolved "https://artifactory.g.devqa.gcp.dev.paypalinc.com/artifactory/api/npm/npm-all/@types/qs/-/qs-6.9.7.tgz#63bb7d067db107cc1e457c303bc25d511febf6cb"
    integrity sha1-Y7t9Bn2xB8weRXwwO8JdUR/r9ss=
  
  "@types/range-parser@*":
    version "1.2.4"
    resolved "https://artifactory.g.devqa.gcp.dev.paypalinc.com/artifactory/api/npm/npm-all/@types/range-parser/-/range-parser-1.2.4.tgz#cd667bcfdd025213aafb7ca5915a932590acdcdc"
    integrity sha1-zWZ7z90CUhOq+3ylkVqTJZCs3Nw=
  
  "@types/redis@*", "@types/redis@^2.8.32":
    version "2.8.32"
    resolved "https://artifactory.g.devqa.gcp.dev.paypalinc.com/artifactory/api/npm/npm-all/@types/redis/-/redis-2.8.32.tgz#1d3430219afbee10f8cfa389dad2571a05ecfb11"
    integrity sha1-HTQwIZr77hD4z6OJ2tJXGgXs+xE=
    dependencies:
      "@types/node" "*"
  
  "@types/semver@^7.3.3":
    version "7.3.9"
    resolved "https://artifactory.g.devqa.gcp.dev.paypalinc.com/artifactory/api/npm/npm-all/@types/semver/-/semver-7.3.9.tgz#152c6c20a7688c30b967ec1841d31ace569863fc"
    integrity sha1-FSxsIKdojDC5Z+wYQdMazlaYY/w=
  
  "@types/serve-static@*":
    version "1.13.10"
    resolved "https://artifactory.g.devqa.gcp.dev.paypalinc.com/artifactory/api/npm/npm-all/@types/serve-static/-/serve-static-1.13.10.tgz#f5e0ce8797d2d7cc5ebeda48a52c96c4fa47a8d9"
    integrity sha1-9eDOh5fS18xevtpIpSyWxPpHqNk=
    dependencies:
      "@types/mime" "^1"
      "@types/node" "*"
  
  "@types/uuid@^8.3.3":
    version "8.3.3"
    resolved "https://artifactory.g.devqa.gcp.dev.paypalinc.com/artifactory/api/npm/npm-all/@types/uuid/-/uuid-8.3.3.tgz#c6a60686d953dbd1b1d45e66f4ecdbd5d471b4d0"
    integrity sha1-xqYGhtlT29Gx1F5m9Ozb1dRxtNA=
  
  "@types/validator@^13.7.0":
    version "13.7.0"
    resolved "https://artifactory.g.devqa.gcp.dev.paypalinc.com/artifactory/api/npm/npm-all/@types/validator/-/validator-13.7.0.tgz#fa25263656d234473025c2d48249a900053c355a"
    integrity sha1-+iUmNlbSNEcwJcLUgkmpAAU8NVo=
  
  "@types/zen-observable@0.8.3":
    version "0.8.3"
    resolved "https://artifactory.g.devqa.gcp.dev.paypalinc.com/artifactory/api/npm/npm-all/@types/zen-observable/-/zen-observable-0.8.3.tgz#781d360c282436494b32fe7d9f7f8e64b3118aa3"
    integrity sha1-eB02DCgkNklLMv59n3+OZLMRiqM=
  
  abbrev@1:
    version "1.1.1"
    resolved "https://artifactory.g.devqa.gcp.dev.paypalinc.com/artifactory/api/npm/npm-all/abbrev/-/abbrev-1.1.1.tgz#f8f2c887ad10bf67f634f005b6987fed3179aac8"
    integrity sha1-+PLIh60Qv2f2NPAFtph/7TF5qsg=
  
  accepts@^1.3.5, accepts@~1.3.7:
    version "1.3.7"
    resolved "https://artifactory.g.devqa.gcp.dev.paypalinc.com/artifactory/api/npm/npm-all/accepts/-/accepts-1.3.7.tgz#531bc726517a3b2b41f850021c6cc15eaab507cd"
    integrity sha1-UxvHJlF6OytB+FACHGzBXqq1B80=
    dependencies:
      mime-types "~2.1.24"
      negotiator "0.6.2"
  
  acorn-walk@^8.1.1:
    version "8.2.0"
    resolved "https://artifactory.g.devqa.gcp.dev.paypalinc.com/artifactory/api/npm/npm-all/acorn-walk/-/acorn-walk-8.2.0.tgz#741210f2e2426454508853a2f44d0ab83b7f69c1"
    integrity sha1-dBIQ8uJCZFRQiFOi9E0KuDt/acE=
  
  acorn@^8.4.1:
    version "8.6.0"
    resolved "https://artifactory.g.devqa.gcp.dev.paypalinc.com/artifactory/api/npm/npm-all/acorn/-/acorn-8.6.0.tgz#e3692ba0eb1a0c83eaa4f37f5fa7368dd7142895"
    integrity sha1-42kroOsaDIPqpPN/X6c2jdcUKJU=
  
  agent-base@6:
    version "6.0.2"
    resolved "https://artifactory.g.devqa.gcp.dev.paypalinc.com/artifactory/api/npm/npm-all/agent-base/-/agent-base-6.0.2.tgz#49fff58577cfee3f37176feab4c22e00f86d7f77"
    integrity sha1-Sf/1hXfP7j83F2/qtMIuAPhtf3c=
    dependencies:
      debug "4"
  
  ansi-regex@^5.0.1:
    version "5.0.1"
    resolved "https://artifactory.g.devqa.gcp.dev.paypalinc.com/artifactory/api/npm/npm-all/ansi-regex/-/ansi-regex-5.0.1.tgz#082cb2c89c9fe8659a311a53bd6a4dc5301db304"
    integrity sha1-CCyyyJyf6GWaMRpTvWpNxTAdswQ=
  
  ansi-styles@^4.0.0, ansi-styles@^4.1.0:
    version "4.3.0"
    resolved "https://artifactory.g.devqa.gcp.dev.paypalinc.com/artifactory/api/npm/npm-all/ansi-styles/-/ansi-styles-4.3.0.tgz#edd803628ae71c04c85ae7a0906edad34b648937"
    integrity sha1-7dgDYornHATIWuegkG7a00tkiTc=
    dependencies:
      color-convert "^2.0.1"
  
  any-promise@^1.0.0:
    version "1.3.0"
    resolved "https://artifactory.g.devqa.gcp.dev.paypalinc.com/artifactory/api/npm/npm-all/any-promise/-/any-promise-1.3.0.tgz#abc6afeedcea52e809cdc0376aed3ce39635d17f"
    integrity sha1-q8av7tzqUugJzcA3au0845Y10X8=
  
  apollo-datasource@^3.3.0:
    version "3.3.0"
    resolved "https://artifactory.g.devqa.gcp.dev.paypalinc.com/artifactory/api/npm/npm-all/apollo-datasource/-/apollo-datasource-3.3.0.tgz#ee84a802c45818e6a21a5f2d427f94851a4f9ebe"
    integrity sha1-7oSoAsRYGOaiGl8tQn+UhRpPnr4=
    dependencies:
      apollo-server-caching "^3.3.0"
      apollo-server-env "^4.2.0"
  
  apollo-graphql@^0.9.0:
    version "0.9.5"
    resolved "https://artifactory.g.devqa.gcp.dev.paypalinc.com/artifactory/api/npm/npm-all/apollo-graphql/-/apollo-graphql-0.9.5.tgz#9113483ca7f7fa49ee9e9a299c45d30b1cf3bf61"
    integrity sha1-kRNIPKf3+knunpopnEXTCxzzv2E=
    dependencies:
      core-js-pure "^3.10.2"
      lodash.sortby "^4.7.0"
      sha.js "^2.4.11"
  
  apollo-reporting-protobuf@^3.2.0:
    version "3.2.0"
    resolved "https://artifactory.g.devqa.gcp.dev.paypalinc.com/artifactory/api/npm/npm-all/apollo-reporting-protobuf/-/apollo-reporting-protobuf-3.2.0.tgz#6735231e0d77a242708ec3712eaa1ee211d2f974"
    integrity sha1-ZzUjHg13okJwjsNxLqoe4hHS+XQ=
    dependencies:
      "@apollo/protobufjs" "1.2.2"
  
  apollo-server-caching@^3.3.0:
    version "3.3.0"
    resolved "https://artifactory.g.devqa.gcp.dev.paypalinc.com/artifactory/api/npm/npm-all/apollo-server-caching/-/apollo-server-caching-3.3.0.tgz#f501cbeb820a4201d98c2b768c085f22848d9dc5"
    integrity sha1-9QHL64IKQgHZjCt2jAhfIoSNncU=
    dependencies:
      lru-cache "^6.0.0"
  
  apollo-server-core@^3.5.0:
    version "3.5.0"
    resolved "https://artifactory.g.devqa.gcp.dev.paypalinc.com/artifactory/api/npm/npm-all/apollo-server-core/-/apollo-server-core-3.5.0.tgz#09d05554e6aed9fed296d7bff99e2b8ca31f49eb"
    integrity sha1-CdBVVOau2f7Slte/+Z4rjKMfSes=
    dependencies:
      "@apollographql/apollo-tools" "^0.5.1"
      "@apollographql/graphql-playground-html" "1.6.29"
      "@graphql-tools/mock" "^8.1.2"
      "@graphql-tools/schema" "^8.0.0"
      "@graphql-tools/utils" "^8.0.0"
      "@josephg/resolvable" "^1.0.0"
      apollo-datasource "^3.3.0"
      apollo-graphql "^0.9.0"
      apollo-reporting-protobuf "^3.2.0"
      apollo-server-caching "^3.3.0"
      apollo-server-env "^4.2.0"
      apollo-server-errors "^3.3.0"
      apollo-server-plugin-base "^3.4.0"
      apollo-server-types "^3.4.0"
      async-retry "^1.2.1"
      fast-json-stable-stringify "^2.1.0"
      graphql-tag "^2.11.0"
      loglevel "^1.6.8"
      lru-cache "^6.0.0"
      sha.js "^2.4.11"
      uuid "^8.0.0"
  
  apollo-server-env@^4.2.0:
    version "4.2.0"
    resolved "https://artifactory.g.devqa.gcp.dev.paypalinc.com/artifactory/api/npm/npm-all/apollo-server-env/-/apollo-server-env-4.2.0.tgz#d7cb08a81cee3025cd47b08be80b359d61d85913"
    integrity sha1-18sIqBzuMCXNR7CL6As1nWHYWRM=
    dependencies:
      node-fetch "^2.6.1"
  
  apollo-server-errors@^3.3.0:
    version "3.3.0"
    resolved "https://artifactory.g.devqa.gcp.dev.paypalinc.com/artifactory/api/npm/npm-all/apollo-server-errors/-/apollo-server-errors-3.3.0.tgz#ac8ceb1400064312f983d8d70195693fbcf2be3c"
    integrity sha1-rIzrFAAGQxL5g9jXAZVpP7zyvjw=
  
  apollo-server-express@^3.5.0:
    version "3.5.0"
    resolved "https://artifactory.g.devqa.gcp.dev.paypalinc.com/artifactory/api/npm/npm-all/apollo-server-express/-/apollo-server-express-3.5.0.tgz#4675ba0e84dfd14bdbb47b5d0360928d701ee6b3"
    integrity sha1-RnW6DoTf0UvbtHtdA2CSjXAe5rM=
    dependencies:
      "@types/accepts" "^1.3.5"
      "@types/body-parser" "1.19.1"
      "@types/cors" "2.8.12"
      "@types/express" "4.17.13"
      "@types/express-serve-static-core" "4.17.24"
      accepts "^1.3.5"
      apollo-server-core "^3.5.0"
      apollo-server-types "^3.4.0"
      body-parser "^1.19.0"
      cors "^2.8.5"
      parseurl "^1.3.3"
  
  apollo-server-plugin-base@^3.4.0:
    version "3.4.0"
    resolved "https://artifactory.g.devqa.gcp.dev.paypalinc.com/artifactory/api/npm/npm-all/apollo-server-plugin-base/-/apollo-server-plugin-base-3.4.0.tgz#9fc26e9c9980f35e315a4c65d06b7970ee1dafa3"
    integrity sha1-n8JunJmA814xWkxl0Gt5cO4dr6M=
    dependencies:
      apollo-server-types "^3.4.0"
  
  apollo-server-types@^3.4.0:
    version "3.4.0"
    resolved "https://artifactory.g.devqa.gcp.dev.paypalinc.com/artifactory/api/npm/npm-all/apollo-server-types/-/apollo-server-types-3.4.0.tgz#9af0322c79e95b698526646220f34534cba3cb11"
    integrity sha1-mvAyLHnpW2mFJmRiIPNFNMujyxE=
    dependencies:
      apollo-reporting-protobuf "^3.2.0"
      apollo-server-caching "^3.3.0"
      apollo-server-env "^4.2.0"
  
  app-root-path@^3.0.0:
    version "3.0.0"
    resolved "https://artifactory.g.devqa.gcp.dev.paypalinc.com/artifactory/api/npm/npm-all/app-root-path/-/app-root-path-3.0.0.tgz#210b6f43873227e18a4b810a032283311555d5ad"
    integrity sha1-IQtvQ4cyJ+GKS4EKAyKDMRVV1a0=
  
  "aproba@^1.0.3 || ^2.0.0":
    version "2.0.0"
    resolved "https://artifactory.g.devqa.gcp.dev.paypalinc.com/artifactory/api/npm/npm-all/aproba/-/aproba-2.0.0.tgz#52520b8ae5b569215b354efc0caa3fe1e45a8adc"
    integrity sha1-UlILiuW1aSFbNU78DKo/4eRaitw=
  
  are-we-there-yet@^2.0.0:
    version "2.0.0"
    resolved "https://artifactory.g.devqa.gcp.dev.paypalinc.com/artifactory/api/npm/npm-all/are-we-there-yet/-/are-we-there-yet-2.0.0.tgz#372e0e7bd279d8e94c653aaa1f67200884bf3e1c"
    integrity sha1-Ny4Oe9J52OlMZTqqH2cgCIS/Phw=
    dependencies:
      delegates "^1.0.0"
      readable-stream "^3.6.0"
  
  arg@^4.1.0:
    version "4.1.3"
    resolved "https://artifactory.g.devqa.gcp.dev.paypalinc.com/artifactory/api/npm/npm-all/arg/-/arg-4.1.3.tgz#269fc7ad5b8e42cb63c896d5666017261c144089"
    integrity sha1-Jp/HrVuOQstjyJbVZmAXJhwUQIk=
  
  argon2@^0.28.2:
    version "0.28.2"
    resolved "https://artifactory.g.devqa.gcp.dev.paypalinc.com/artifactory/api/npm/npm-all/argon2/-/argon2-0.28.2.tgz#b583e4ef5b052a83bfe146752844b9fa526dba29"
    integrity sha1-tYPk71sFKoO/4UZ1KES5+lJtuik=
    dependencies:
      "@mapbox/node-pre-gyp" "^1.0.1"
      "@phc/format" "^1.0.0"
      node-addon-api "^3.0.2"
      opencollective-postinstall "^2.0.3"
  
  argparse@^2.0.1:
    version "2.0.1"
    resolved "https://artifactory.g.devqa.gcp.dev.paypalinc.com/artifactory/api/npm/npm-all/argparse/-/argparse-2.0.1.tgz#246f50f3ca78a3240f6c997e8a9bd1eac49e4b38"
    integrity sha1-JG9Q88p4oyQPbJl+ipvR6sSeSzg=
  
  array-flatten@1.1.1:
    version "1.1.1"
    resolved "https://artifactory.g.devqa.gcp.dev.paypalinc.com/artifactory/api/npm/npm-all/array-flatten/-/array-flatten-1.1.1.tgz#9a5f699051b1e7073328f2a008968b64ea2955d2"
    integrity sha1-ml9pkFGx5wczKPKgCJaLZOopVdI=
  
  async-retry@^1.2.1:
    version "1.3.3"
    resolved "https://artifactory.g.devqa.gcp.dev.paypalinc.com/artifactory/api/npm/npm-all/async-retry/-/async-retry-1.3.3.tgz#0e7f36c04d8478e7a58bdbed80cedf977785f280"
    integrity sha1-Dn82wE2EeOeli9vtgM7fl3eF8oA=
    dependencies:
      retry "0.13.1"
  
  balanced-match@^1.0.0:
    version "1.0.2"
    resolved "https://artifactory.g.devqa.gcp.dev.paypalinc.com/artifactory/api/npm/npm-all/balanced-match/-/balanced-match-1.0.2.tgz#e83e3a7e3f300b34cb9d87f615fa0cbf357690ee"
    integrity sha1-6D46fj8wCzTLnYf2FfoMvzV2kO4=
  
  base64-js@^1.3.1:
    version "1.5.1"
    resolved "https://artifactory.g.devqa.gcp.dev.paypalinc.com/artifactory/api/npm/npm-all/base64-js/-/base64-js-1.5.1.tgz#1b1b440160a5bf7ad40b650f095963481903930a"
    integrity sha1-GxtEAWClv3rUC2UPCVljSBkDkwo=
  
  body-parser@1.19.0, body-parser@^1.19.0:
    version "1.19.0"
    resolved "https://artifactory.g.devqa.gcp.dev.paypalinc.com/artifactory/api/npm/npm-all/body-parser/-/body-parser-1.19.0.tgz#96b2709e57c9c4e09a6fd66a8fd979844f69f08a"
    integrity sha1-lrJwnlfJxOCab9Zqj9l5hE9p8Io=
    dependencies:
      bytes "3.1.0"
      content-type "~1.0.4"
      debug "2.6.9"
      depd "~1.1.2"
      http-errors "1.7.2"
      iconv-lite "0.4.24"
      on-finished "~2.3.0"
      qs "6.7.0"
      raw-body "2.4.0"
      type-is "~1.6.17"
  
  brace-expansion@^1.1.7:
    version "1.1.11"
    resolved "https://artifactory.g.devqa.gcp.dev.paypalinc.com/artifactory/api/npm/npm-all/brace-expansion/-/brace-expansion-1.1.11.tgz#3c7fcbf529d87226f3d2f52b966ff5271eb441dd"
    integrity sha1-PH/L9SnYcibz0vUrlm/1Jx60Qd0=
    dependencies:
      balanced-match "^1.0.0"
      concat-map "0.0.1"
  
  buffer-writer@2.0.0:
    version "2.0.0"
    resolved "https://artifactory.g.devqa.gcp.dev.paypalinc.com/artifactory/api/npm/npm-all/buffer-writer/-/buffer-writer-2.0.0.tgz#ce7eb81a38f7829db09c873f2fbb792c0c98ec04"
    integrity sha1-zn64Gjj3gp2wnIc/L7t5LAyY7AQ=
  
  buffer@^6.0.3:
    version "6.0.3"
    resolved "https://artifactory.g.devqa.gcp.dev.paypalinc.com/artifactory/api/npm/npm-all/buffer/-/buffer-6.0.3.tgz#2ace578459cc8fbe2a70aaa8f52ee63b6a74c6c6"
    integrity sha1-Ks5XhFnMj74qcKqo9S7mO2p0xsY=
    dependencies:
      base64-js "^1.3.1"
      ieee754 "^1.2.1"
  
  bytes@3.1.0:
    version "3.1.0"
    resolved "https://artifactory.g.devqa.gcp.dev.paypalinc.com/artifactory/api/npm/npm-all/bytes/-/bytes-3.1.0.tgz#f6cf7933a360e0588fa9fde85651cdc7f805d1f6"
    integrity sha1-9s95M6Ng4FiPqf3oVlHNx/gF0fY=
  
  chalk@^4.0.0, chalk@^4.1.0:
    version "4.1.2"
    resolved "https://artifactory.g.devqa.gcp.dev.paypalinc.com/artifactory/api/npm/npm-all/chalk/-/chalk-4.1.2.tgz#aac4e2b7734a740867aeb16bf02aad556a1e7a01"
    integrity sha1-qsTit3NKdAhnrrFr8CqtVWoeegE=
    dependencies:
      ansi-styles "^4.1.0"
      supports-color "^7.1.0"
  
  chownr@^2.0.0:
    version "2.0.0"
    resolved "https://artifactory.g.devqa.gcp.dev.paypalinc.com/artifactory/api/npm/npm-all/chownr/-/chownr-2.0.0.tgz#15bfbe53d2eab4cf70f18a8cd68ebe5b3cb1dece"
    integrity sha1-Fb++U9LqtM9w8YqM1o6+Wzyx3s4=
  
  class-validator@^0.13.2:
    version "0.13.2"
    resolved "https://artifactory.g.devqa.gcp.dev.paypalinc.com/artifactory/api/npm/npm-all/class-validator/-/class-validator-0.13.2.tgz#64b031e9f3f81a1e1dcd04a5d604734608b24143"
    integrity sha1-ZLAx6fP4Gh4dzQSl1gRzRgiyQUM=
    dependencies:
      libphonenumber-js "^1.9.43"
      validator "^13.7.0"
  
  cli-highlight@^2.1.11:
    version "2.1.11"
    resolved "https://artifactory.g.devqa.gcp.dev.paypalinc.com/artifactory/api/npm/npm-all/cli-highlight/-/cli-highlight-2.1.11.tgz#49736fa452f0aaf4fae580e30acb26828d2dc1bf"
    integrity sha1-SXNvpFLwqvT65YDjCssmgo0twb8=
    dependencies:
      chalk "^4.0.0"
      highlight.js "^10.7.1"
      mz "^2.4.0"
      parse5 "^5.1.1"
      parse5-htmlparser2-tree-adapter "^6.0.0"
      yargs "^16.0.0"
  
  cliui@^7.0.2:
    version "7.0.4"
    resolved "https://artifactory.g.devqa.gcp.dev.paypalinc.com/artifactory/api/npm/npm-all/cliui/-/cliui-7.0.4.tgz#a0265ee655476fc807aea9df3df8df7783808b4f"
    integrity sha1-oCZe5lVHb8gHrqnfPfjfd4OAi08=
    dependencies:
      string-width "^4.2.0"
      strip-ansi "^6.0.0"
      wrap-ansi "^7.0.0"
  
  cluster-key-slot@^1.1.0:
    version "1.1.0"
    resolved "https://artifactory.g.devqa.gcp.dev.paypalinc.com/artifactory/api/npm/npm-all/cluster-key-slot/-/cluster-key-slot-1.1.0.tgz#30474b2a981fb12172695833052bc0d01336d10d"
    integrity sha1-MEdLKpgfsSFyaVgzBSvA0BM20Q0=
  
  color-convert@^2.0.1:
    version "2.0.1"
    resolved "https://artifactory.g.devqa.gcp.dev.paypalinc.com/artifactory/api/npm/npm-all/color-convert/-/color-convert-2.0.1.tgz#72d3a68d598c9bdb3af2ad1e84f21d896abd4de3"
    integrity sha1-ctOmjVmMm9s68q0ehPIdiWq9TeM=
    dependencies:
      color-name "~1.1.4"
  
  color-name@~1.1.4:
    version "1.1.4"
    resolved "https://artifactory.g.devqa.gcp.dev.paypalinc.com/artifactory/api/npm/npm-all/color-name/-/color-name-1.1.4.tgz#c2a09a87acbde69543de6f63fa3995c826c536a2"
    integrity sha1-wqCah6y95pVD3m9j+jmVyCbFNqI=
  
  color-support@^1.1.2:
    version "1.1.3"
    resolved "https://artifactory.g.devqa.gcp.dev.paypalinc.com/artifactory/api/npm/npm-all/color-support/-/color-support-1.1.3.tgz#93834379a1cc9a0c61f82f52f0d04322251bd5a2"
    integrity sha1-k4NDeaHMmgxh+C9S8NBDIiUb1aI=
  
  commander@^2.20.3:
    version "2.20.3"
    resolved "https://artifactory.g.devqa.gcp.dev.paypalinc.com/artifactory/api/npm/npm-all/commander/-/commander-2.20.3.tgz#fd485e84c03eb4881c20722ba48035e8531aeb33"
    integrity sha1-/UhehMA+tIgcIHIrpIA16FMa6zM=
  
  concat-map@0.0.1:
    version "0.0.1"
    resolved "https://artifactory.g.devqa.gcp.dev.paypalinc.com/artifactory/api/npm/npm-all/concat-map/-/concat-map-0.0.1.tgz#d8a96bd77fd68df7793a73036a3ba0d5405d477b"
    integrity sha1-2Klr13/Wjfd5OnMDajug1UBdR3s=
  
  connect-pg-simple@^7.0.0:
    version "7.0.0"
    resolved "https://artifactory.g.devqa.gcp.dev.paypalinc.com/artifactory/api/npm/npm-all/connect-pg-simple/-/connect-pg-simple-7.0.0.tgz#95bfaf9722b35dafea2dd592c5b556125d1139ba"
    integrity sha1-lb+vlyKzXa/qLdWSxbVWEl0RObo=
    dependencies:
      "@types/pg" "^8.6.1"
      pg "^8.7.1"
  
  connect-redis@^6.0.0:
    version "6.0.0"
    resolved "https://artifactory.g.devqa.gcp.dev.paypalinc.com/artifactory/api/npm/npm-all/connect-redis/-/connect-redis-6.0.0.tgz#7e443fc7028eca43302bee59f51a315f65cd56b5"
    integrity sha1-fkQ/xwKOykMwK+5Z9RoxX2XNVrU=
  
  console-control-strings@^1.0.0, console-control-strings@^1.1.0:
    version "1.1.0"
    resolved "https://artifactory.g.devqa.gcp.dev.paypalinc.com/artifactory/api/npm/npm-all/console-control-strings/-/console-control-strings-1.1.0.tgz#3d7cf4464db6446ea644bf4b39507f9851008e8e"
    integrity sha1-PXz0Rk22RG6mRL9LOVB/mFEAjo4=
  
  content-disposition@0.5.3:
    version "0.5.3"
    resolved "https://artifactory.g.devqa.gcp.dev.paypalinc.com/artifactory/api/npm/npm-all/content-disposition/-/content-disposition-0.5.3.tgz#e130caf7e7279087c5616c2007d0485698984fbd"
    integrity sha1-4TDK9+cnkIfFYWwgB9BIVpiYT70=
    dependencies:
      safe-buffer "5.1.2"
  
  content-type@~1.0.4:
    version "1.0.4"
    resolved "https://artifactory.g.devqa.gcp.dev.paypalinc.com/artifactory/api/npm/npm-all/content-type/-/content-type-1.0.4.tgz#e138cc75e040c727b1966fe5e5f8c9aee256fe3b"
    integrity sha1-4TjMdeBAxyexlm/l5fjJruJW/js=
  
  cookie-signature@1.0.6:
    version "1.0.6"
    resolved "https://artifactory.g.devqa.gcp.dev.paypalinc.com/artifactory/api/npm/npm-all/cookie-signature/-/cookie-signature-1.0.6.tgz#e303a882b342cc3ee8ca513a79999734dab3ae2c"
    integrity sha1-4wOogrNCzD7oylE6eZmXNNqzriw=
  
  cookie@0.4.0:
    version "0.4.0"
    resolved "https://artifactory.g.devqa.gcp.dev.paypalinc.com/artifactory/api/npm/npm-all/cookie/-/cookie-0.4.0.tgz#beb437e7022b3b6d49019d088665303ebe9c14ba"
    integrity sha1-vrQ35wIrO21JAZ0IhmUwPr6cFLo=
  
  cookie@0.4.1:
    version "0.4.1"
    resolved "https://artifactory.g.devqa.gcp.dev.paypalinc.com/artifactory/api/npm/npm-all/cookie/-/cookie-0.4.1.tgz#afd713fe26ebd21ba95ceb61f9a8116e50a537d1"
    integrity sha1-r9cT/ibr0hupXOth+agRblClN9E=
  
  core-js-pure@^3.10.2:
    version "3.19.1"
    resolved "https://artifactory.g.devqa.gcp.dev.paypalinc.com/artifactory/api/npm/npm-all/core-js-pure/-/core-js-pure-3.19.1.tgz#edffc1fc7634000a55ba05e95b3f0fe9587a5aa4"
    integrity sha1-7f/B/HY0AApVugXpWz8P6Vh6WqQ=
  
  cors@^2.8.5:
    version "2.8.5"
    resolved "https://artifactory.g.devqa.gcp.dev.paypalinc.com/artifactory/api/npm/npm-all/cors/-/cors-2.8.5.tgz#eac11da51592dd86b9f06f6e7ac293b3df875d29"
    integrity sha1-6sEdpRWS3Ya58G9uesKTs9+HXSk=
    dependencies:
      object-assign "^4"
      vary "^1"
  
  create-require@^1.1.0:
    version "1.1.1"
    resolved "https://artifactory.g.devqa.gcp.dev.paypalinc.com/artifactory/api/npm/npm-all/create-require/-/create-require-1.1.1.tgz#c1d7e8f1e5f6cfc9ff65f9cd352d37348756c333"
    integrity sha1-wdfo8eX2z8n/ZfnNNS03NIdWwzM=
  
  cssfilter@0.0.10:
    version "0.0.10"
    resolved "https://artifactory.g.devqa.gcp.dev.paypalinc.com/artifactory/api/npm/npm-all/cssfilter/-/cssfilter-0.0.10.tgz#c6d2672632a2e5c83e013e6864a42ce8defd20ae"
    integrity sha1-xtJnJjKi5cg+AT5oZKQs6N79IK4=
  
  dataloader@^2.0.0:
    version "2.0.0"
    resolved "https://artifactory.g.devqa.gcp.dev.paypalinc.com/artifactory/api/npm/npm-all/dataloader/-/dataloader-2.0.0.tgz#41eaf123db115987e21ca93c005cd7753c55fe6f"
    integrity sha1-QerxI9sRWYfiHKk8AFzXdTxV/m8=
  
  debug@2.6.9:
    version "2.6.9"
    resolved "https://artifactory.g.devqa.gcp.dev.paypalinc.com/artifactory/api/npm/npm-all/debug/-/debug-2.6.9.tgz#5d128515df134ff327e90a4c93f4e077a536341f"
    integrity sha1-XRKFFd8TT/Mn6QpMk/Tgd6U2NB8=
    dependencies:
      ms "2.0.0"
  
  debug@4, debug@^4.3.1:
    version "4.3.2"
    resolved "https://artifactory.g.devqa.gcp.dev.paypalinc.com/artifactory/api/npm/npm-all/debug/-/debug-4.3.2.tgz#f0a49c18ac8779e31d4a0c6029dfb76873c7428b"
    integrity sha1-8KScGKyHeeMdSgxgKd+3aHPHQos=
    dependencies:
      ms "2.1.2"
  
  delegates@^1.0.0:
    version "1.0.0"
    resolved "https://artifactory.g.devqa.gcp.dev.paypalinc.com/artifactory/api/npm/npm-all/delegates/-/delegates-1.0.0.tgz#84c6e159b81904fdca59a0ef44cd870d31250f9a"
    integrity sha1-hMbhWbgZBP3KWaDvRM2HDTElD5o=
  
  denque@^1.1.0:
    version "1.5.1"
    resolved "https://artifactory.g.devqa.gcp.dev.paypalinc.com/artifactory/api/npm/npm-all/denque/-/denque-1.5.1.tgz#07f670e29c9a78f8faecb2566a1e2c11929c5cbf"
    integrity sha1-B/Zw4pyaePj67LJWah4sEZKcXL8=
  
  depd@~1.1.2:
    version "1.1.2"
    resolved "https://artifactory.g.devqa.gcp.dev.paypalinc.com/artifactory/api/npm/npm-all/depd/-/depd-1.1.2.tgz#9bcd52e14c097763e749b274c4346ed2e560b5a9"
    integrity sha1-m81S4UwJd2PnSbJ0xDRu0uVgtak=
  
  depd@~2.0.0:
    version "2.0.0"
    resolved "https://artifactory.g.devqa.gcp.dev.paypalinc.com/artifactory/api/npm/npm-all/depd/-/depd-2.0.0.tgz#b696163cc757560d09cf22cc8fad1571b79e76df"
    integrity sha1-tpYWPMdXVg0JzyLMj60Vcbeedt8=
  
  destroy@~1.0.4:
    version "1.0.4"
    resolved "https://artifactory.g.devqa.gcp.dev.paypalinc.com/artifactory/api/npm/npm-all/destroy/-/destroy-1.0.4.tgz#978857442c44749e4206613e37946205826abd80"
    integrity sha1-l4hXRCxEdJ5CBmE+N5RiBYJqvYA=
  
  detect-libc@^1.0.3:
    version "1.0.3"
    resolved "https://artifactory.g.devqa.gcp.dev.paypalinc.com/artifactory/api/npm/npm-all/detect-libc/-/detect-libc-1.0.3.tgz#fa137c4bd698edf55cd5cd02ac559f91a4c4ba9b"
    integrity sha1-+hN8S9aY7fVc1c0CrFWfkaTEups=
  
  diff@^4.0.1:
    version "4.0.2"
    resolved "https://artifactory.g.devqa.gcp.dev.paypalinc.com/artifactory/api/npm/npm-all/diff/-/diff-4.0.2.tgz#60f3aecb89d5fae520c11aa19efc2bb982aade7d"
    integrity sha1-YPOuy4nV+uUgwRqhnvwruYKq3n0=
  
  dotenv-safe@^8.2.0:
    version "8.2.0"
    resolved "https://artifactory.g.devqa.gcp.dev.paypalinc.com/artifactory/api/npm/npm-all/dotenv-safe/-/dotenv-safe-8.2.0.tgz#8d548c7318a62c09a66c4dc8c31864cc007c78ba"
    integrity sha1-jVSMcximLAmmbE3IwxhkzAB8eLo=
    dependencies:
      dotenv "^8.2.0"
  
  dotenv@^10.0.0:
    version "10.0.0"
    resolved "https://artifactory.g.devqa.gcp.dev.paypalinc.com/artifactory/api/npm/npm-all/dotenv/-/dotenv-10.0.0.tgz#3d4227b8fb95f81096cdd2b66653fb2c7085ba81"
    integrity sha1-PUInuPuV+BCWzdK2ZlP7LHCFuoE=
  
  dotenv@^8.2.0:
    version "8.6.0"
    resolved "https://artifactory.g.devqa.gcp.dev.paypalinc.com/artifactory/api/npm/npm-all/dotenv/-/dotenv-8.6.0.tgz#061af664d19f7f4d8fc6e4ff9b584ce237adcb8b"
    integrity sha1-Bhr2ZNGff02PxuT/m1hM4jety4s=
  
  ee-first@1.1.1:
    version "1.1.1"
    resolved "https://artifactory.g.devqa.gcp.dev.paypalinc.com/artifactory/api/npm/npm-all/ee-first/-/ee-first-1.1.1.tgz#590c61156b0ae2f4f0255732a158b266bc56b21d"
    integrity sha1-WQxhFWsK4vTwJVcyoViyZrxWsh0=
  
  emoji-regex@^8.0.0:
    version "8.0.0"
    resolved "https://artifactory.g.devqa.gcp.dev.paypalinc.com/artifactory/api/npm/npm-all/emoji-regex/-/emoji-regex-8.0.0.tgz#e818fd69ce5ccfcb404594f842963bf53164cc37"
    integrity sha1-6Bj9ac5cz8tARZT4QpY79TFkzDc=
  
  encodeurl@~1.0.2:
    version "1.0.2"
    resolved "https://artifactory.g.devqa.gcp.dev.paypalinc.com/artifactory/api/npm/npm-all/encodeurl/-/encodeurl-1.0.2.tgz#ad3ff4c86ec2d029322f5a02c3a9a606c95b3f59"
    integrity sha1-rT/0yG7C0CkyL1oCw6mmBslbP1k=
  
  escalade@^3.1.1:
    version "3.1.1"
    resolved "https://artifactory.g.devqa.gcp.dev.paypalinc.com/artifactory/api/npm/npm-all/escalade/-/escalade-3.1.1.tgz#d8cfdc7000965c5a0174b4a82eaa5c0552742e40"
    integrity sha1-2M/ccACWXFoBdLSoLqpcBVJ0LkA=
  
  escape-html@~1.0.3:
    version "1.0.3"
    resolved "https://artifactory.g.devqa.gcp.dev.paypalinc.com/artifactory/api/npm/npm-all/escape-html/-/escape-html-1.0.3.tgz#0258eae4d3d0c0974de1c169188ef0051d1d1988"
    integrity sha1-Aljq5NPQwJdN4cFpGI7wBR0dGYg=
  
  etag@~1.8.1:
    version "1.8.1"
    resolved "https://artifactory.g.devqa.gcp.dev.paypalinc.com/artifactory/api/npm/npm-all/etag/-/etag-1.8.1.tgz#41ae2eeb65efa62268aebfea83ac7d79299b0887"
    integrity sha1-Qa4u62XvpiJorr/qg6x9eSmbCIc=
  
  express-session@^1.17.2:
    version "1.17.2"
    resolved "https://artifactory.g.devqa.gcp.dev.paypalinc.com/artifactory/api/npm/npm-all/express-session/-/express-session-1.17.2.tgz#397020374f9bf7997f891b85ea338767b30d0efd"
    integrity sha1-OXAgN0+b95l/iRuF6jOHZ7MNDv0=
    dependencies:
      cookie "0.4.1"
      cookie-signature "1.0.6"
      debug "2.6.9"
      depd "~2.0.0"
      on-headers "~1.0.2"
      parseurl "~1.3.3"
      safe-buffer "5.2.1"
      uid-safe "~2.1.5"
  
  express@^4.17.1:
    version "4.17.1"
    resolved "https://artifactory.g.devqa.gcp.dev.paypalinc.com/artifactory/api/npm/npm-all/express/-/express-4.17.1.tgz#4491fc38605cf51f8629d39c2b5d026f98a4c134"
    integrity sha1-RJH8OGBc9R+GKdOcK10Cb5ikwTQ=
    dependencies:
      accepts "~1.3.7"
      array-flatten "1.1.1"
      body-parser "1.19.0"
      content-disposition "0.5.3"
      content-type "~1.0.4"
      cookie "0.4.0"
      cookie-signature "1.0.6"
      debug "2.6.9"
      depd "~1.1.2"
      encodeurl "~1.0.2"
      escape-html "~1.0.3"
      etag "~1.8.1"
      finalhandler "~1.1.2"
      fresh "0.5.2"
      merge-descriptors "1.0.1"
      methods "~1.1.2"
      on-finished "~2.3.0"
      parseurl "~1.3.3"
      path-to-regexp "0.1.7"
      proxy-addr "~2.0.5"
      qs "6.7.0"
      range-parser "~1.2.1"
      safe-buffer "5.1.2"
      send "0.17.1"
      serve-static "1.14.1"
      setprototypeof "1.1.1"
      statuses "~1.5.0"
      type-is "~1.6.18"
      utils-merge "1.0.1"
      vary "~1.1.2"
  
  fast-json-stable-stringify@^2.1.0:
    version "2.1.0"
    resolved "https://artifactory.g.devqa.gcp.dev.paypalinc.com/artifactory/api/npm/npm-all/fast-json-stable-stringify/-/fast-json-stable-stringify-2.1.0.tgz#874bf69c6f404c2b5d99c481341399fd55892633"
    integrity sha1-h0v2nG9ATCtdmcSBNBOZ/VWJJjM=
  
  finalhandler@~1.1.2:
    version "1.1.2"
    resolved "https://artifactory.g.devqa.gcp.dev.paypalinc.com/artifactory/api/npm/npm-all/finalhandler/-/finalhandler-1.1.2.tgz#b7e7d000ffd11938d0fdb053506f6ebabe9f587d"
    integrity sha1-t+fQAP/RGTjQ/bBTUG9uur6fWH0=
    dependencies:
      debug "2.6.9"
      encodeurl "~1.0.2"
      escape-html "~1.0.3"
      on-finished "~2.3.0"
      parseurl "~1.3.3"
      statuses "~1.5.0"
      unpipe "~1.0.0"
  
  forwarded@0.2.0:
    version "0.2.0"
    resolved "https://artifactory.g.devqa.gcp.dev.paypalinc.com/artifactory/api/npm/npm-all/forwarded/-/forwarded-0.2.0.tgz#2269936428aad4c15c7ebe9779a84bf0b2a81811"
    integrity sha1-ImmTZCiq1MFcfr6XeahL8LKoGBE=
  
  fresh@0.5.2:
    version "0.5.2"
    resolved "https://artifactory.g.devqa.gcp.dev.paypalinc.com/artifactory/api/npm/npm-all/fresh/-/fresh-0.5.2.tgz#3d8cadd90d976569fa835ab1f8e4b23a105605a7"
    integrity sha1-PYyt2Q2XZWn6g1qx+OSyOhBWBac=
  
  fs-minipass@^2.0.0:
    version "2.1.0"
    resolved "https://artifactory.g.devqa.gcp.dev.paypalinc.com/artifactory/api/npm/npm-all/fs-minipass/-/fs-minipass-2.1.0.tgz#7f5036fdbf12c63c169190cbe4199c852271f9fb"
    integrity sha1-f1A2/b8SxjwWkZDL5BmchSJx+fs=
    dependencies:
      minipass "^3.0.0"
  
  fs.realpath@^1.0.0:
    version "1.0.0"
    resolved "https://artifactory.g.devqa.gcp.dev.paypalinc.com/artifactory/api/npm/npm-all/fs.realpath/-/fs.realpath-1.0.0.tgz#1504ad2523158caa40db4a2787cb01411994ea4f"
    integrity sha1-FQStJSMVjKpA20onh8sBQRmU6k8=
  
  gauge@^4.0.0:
    version "4.0.0"
    resolved "https://artifactory.g.devqa.gcp.dev.paypalinc.com/artifactory/api/npm/npm-all/gauge/-/gauge-4.0.0.tgz#afba07aa0374a93c6219603b1fb83eaa2264d8f8"
    integrity sha1-r7oHqgN0qTxiGWA7H7g+qiJk2Pg=
    dependencies:
      ansi-regex "^5.0.1"
      aproba "^1.0.3 || ^2.0.0"
      color-support "^1.1.2"
      console-control-strings "^1.0.0"
      has-unicode "^2.0.1"
      signal-exit "^3.0.0"
      string-width "^4.2.3"
      strip-ansi "^6.0.1"
      wide-align "^1.1.2"
  
  gen-env-types@^1.3.0:
    version "1.3.0"
    resolved "https://artifactory.g.devqa.gcp.dev.paypalinc.com/artifactory/api/npm/npm-all/gen-env-types/-/gen-env-types-1.3.0.tgz#9605ece55cdb343eff93f67004fdda9a471e2c27"
    integrity sha1-lgXs5VzbND7/k/ZwBP3amkceLCc=
    dependencies:
      chalk "^4.0.0"
      dotenv "^8.2.0"
  
  get-caller-file@^2.0.5:
    version "2.0.5"
    resolved "https://artifactory.g.devqa.gcp.dev.paypalinc.com/artifactory/api/npm/npm-all/get-caller-file/-/get-caller-file-2.0.5.tgz#4f94412a82db32f36e3b0b9741f8a97feb031f7e"
    integrity sha1-T5RBKoLbMvNuOwuXQfipf+sDH34=
  
  glob@^7.1.3, glob@^7.1.6:
    version "7.2.0"
    resolved "https://artifactory.g.devqa.gcp.dev.paypalinc.com/artifactory/api/npm/npm-all/glob/-/glob-7.2.0.tgz#d15535af7732e02e948f4c41628bd910293f6023"
    integrity sha1-0VU1r3cy4C6Uj0xBYovZECk/YCM=
    dependencies:
      fs.realpath "^1.0.0"
      inflight "^1.0.4"
      inherits "2"
      minimatch "^3.0.4"
      once "^1.3.0"
      path-is-absolute "^1.0.0"
  
  graphql-query-complexity@^0.7.0:
    version "0.7.2"
    resolved "https://artifactory.g.devqa.gcp.dev.paypalinc.com/artifactory/api/npm/npm-all/graphql-query-complexity/-/graphql-query-complexity-0.7.2.tgz#7fc6bb20930ab1b666ecf3bbfb24b65b6f08ecc4"
    integrity sha1-f8a7IJMKsbZm7PO7+yS2W28I7MQ=
    dependencies:
      lodash.get "^4.4.2"
  
  graphql-subscriptions@^1.1.0:
    version "1.2.1"
    resolved "https://artifactory.g.devqa.gcp.dev.paypalinc.com/artifactory/api/npm/npm-all/graphql-subscriptions/-/graphql-subscriptions-1.2.1.tgz#2142b2d729661ddf967b7388f7cf1dd4cf2e061d"
    integrity sha1-IUKy1ylmHd+We3OI988d1M8uBh0=
    dependencies:
      iterall "^1.3.0"
  
  graphql-tag@^2.11.0:
    version "2.12.6"
    resolved "https://artifactory.g.devqa.gcp.dev.paypalinc.com/artifactory/api/npm/npm-all/graphql-tag/-/graphql-tag-2.12.6.tgz#d441a569c1d2537ef10ca3d1633b48725329b5f1"
    integrity sha1-1EGlacHSU37xDKPRYztIclMptfE=
    dependencies:
      tslib "^2.1.0"
  
  graphql@^15.5.0:
    version "15.7.2"
    resolved "https://artifactory.g.devqa.gcp.dev.paypalinc.com/artifactory/api/npm/npm-all/graphql/-/graphql-15.7.2.tgz#85ab0eeb83722977151b3feb4d631b5f2ab287ef"
    integrity sha1-hasO64NyKXcVGz/rTWMbXyqyh+8=
  
  has-flag@^4.0.0:
    version "4.0.0"
    resolved "https://artifactory.g.devqa.gcp.dev.paypalinc.com/artifactory/api/npm/npm-all/has-flag/-/has-flag-4.0.0.tgz#944771fd9c81c81265c4d6941860da06bb59479b"
    integrity sha1-lEdx/ZyByBJlxNaUGGDaBrtZR5s=
  
  has-unicode@^2.0.1:
    version "2.0.1"
    resolved "https://artifactory.g.devqa.gcp.dev.paypalinc.com/artifactory/api/npm/npm-all/has-unicode/-/has-unicode-2.0.1.tgz#e0e6fe6a28cf51138855e086d1691e771de2a8b9"
    integrity sha1-4Ob+aijPUROIVeCG0Wkedx3iqLk=
  
  highlight.js@^10.7.1:
    version "10.7.3"
    resolved "https://artifactory.g.devqa.gcp.dev.paypalinc.com/artifactory/api/npm/npm-all/highlight.js/-/highlight.js-10.7.3.tgz#697272e3991356e40c3cac566a74eef681756531"
    integrity sha1-aXJy45kTVuQMPKxWanTu9oF1ZTE=
  
  http-errors@1.7.2:
    version "1.7.2"
    resolved "https://artifactory.g.devqa.gcp.dev.paypalinc.com/artifactory/api/npm/npm-all/http-errors/-/http-errors-1.7.2.tgz#4f5029cf13239f31036e5b2e55292bcfbcc85c8f"
    integrity sha1-T1ApzxMjnzEDblsuVSkrz7zIXI8=
    dependencies:
      depd "~1.1.2"
      inherits "2.0.3"
      setprototypeof "1.1.1"
      statuses ">= 1.5.0 < 2"
      toidentifier "1.0.0"
  
  http-errors@~1.7.2:
    version "1.7.3"
    resolved "https://artifactory.g.devqa.gcp.dev.paypalinc.com/artifactory/api/npm/npm-all/http-errors/-/http-errors-1.7.3.tgz#6c619e4f9c60308c38519498c14fbb10aacebb06"
    integrity sha1-bGGeT5xgMIw4UZSYwU+7EKrOuwY=
    dependencies:
      depd "~1.1.2"
      inherits "2.0.4"
      setprototypeof "1.1.1"
      statuses ">= 1.5.0 < 2"
      toidentifier "1.0.0"
  
  https-proxy-agent@^5.0.0:
    version "5.0.0"
    resolved "https://artifactory.g.devqa.gcp.dev.paypalinc.com/artifactory/api/npm/npm-all/https-proxy-agent/-/https-proxy-agent-5.0.0.tgz#e2a90542abb68a762e0a0850f6c9edadfd8506b2"
    integrity sha1-4qkFQqu2inYuCghQ9sntrf2FBrI=
    dependencies:
      agent-base "6"
      debug "4"
  
  iconv-lite@0.4.24:
    version "0.4.24"
    resolved "https://artifactory.g.devqa.gcp.dev.paypalinc.com/artifactory/api/npm/npm-all/iconv-lite/-/iconv-lite-0.4.24.tgz#2022b4b25fbddc21d2f524974a474aafe733908b"
    integrity sha1-ICK0sl+93CHS9SSXSkdKr+czkIs=
    dependencies:
      safer-buffer ">= 2.1.2 < 3"
  
  ieee754@^1.2.1:
    version "1.2.1"
    resolved "https://artifactory.g.devqa.gcp.dev.paypalinc.com/artifactory/api/npm/npm-all/ieee754/-/ieee754-1.2.1.tgz#8eb7a10a63fff25d15a57b001586d177d1b0d352"
    integrity sha1-jrehCmP/8l0VpXsAFYbRd9Gw01I=
  
  inflight@^1.0.4:
    version "1.0.6"
    resolved "https://artifactory.g.devqa.gcp.dev.paypalinc.com/artifactory/api/npm/npm-all/inflight/-/inflight-1.0.6.tgz#49bd6331d7d02d0c09bc910a1075ba8165b56df9"
    integrity sha1-Sb1jMdfQLQwJvJEKEHW6gWW1bfk=
    dependencies:
      once "^1.3.0"
      wrappy "1"
  
  inherits@2, inherits@2.0.4, inherits@^2.0.1, inherits@^2.0.3:
    version "2.0.4"
    resolved "https://artifactory.g.devqa.gcp.dev.paypalinc.com/artifactory/api/npm/npm-all/inherits/-/inherits-2.0.4.tgz#0fa2c64f932917c3433a0ded55363aae37416b7c"
    integrity sha1-D6LGT5MpF8NDOg3tVTY6rjdBa3w=
  
  inherits@2.0.3:
    version "2.0.3"
    resolved "https://artifactory.g.devqa.gcp.dev.paypalinc.com/artifactory/api/npm/npm-all/inherits/-/inherits-2.0.3.tgz#633c2c83e3da42a502f52466022480f4208261de"
    integrity sha1-Yzwsg+PaQqUC9SRmAiSA9CCCYd4=
  
  ioredis@^4.28.0:
    version "4.28.0"
    resolved "https://artifactory.g.devqa.gcp.dev.paypalinc.com/artifactory/api/npm/npm-all/ioredis/-/ioredis-4.28.0.tgz#5a2be3f37ff2075e2332f280eaeb02ab4d9ff0d3"
    integrity sha1-Wivj83/yB14jMvKA6usCq02f8NM=
    dependencies:
      cluster-key-slot "^1.1.0"
      debug "^4.3.1"
      denque "^1.1.0"
      lodash.defaults "^4.2.0"
      lodash.flatten "^4.4.0"
      lodash.isarguments "^3.1.0"
      p-map "^2.1.0"
      redis-commands "1.7.0"
      redis-errors "^1.2.0"
      redis-parser "^3.0.0"
      standard-as-callback "^2.1.0"
  
  ipaddr.js@1.9.1:
    version "1.9.1"
    resolved "https://artifactory.g.devqa.gcp.dev.paypalinc.com/artifactory/api/npm/npm-all/ipaddr.js/-/ipaddr.js-1.9.1.tgz#bff38543eeb8984825079ff3a2a8e6cbd46781b3"
    integrity sha1-v/OFQ+64mEglB5/zoqjmy9RngbM=
  
  is-fullwidth-code-point@^3.0.0:
    version "3.0.0"
    resolved "https://artifactory.g.devqa.gcp.dev.paypalinc.com/artifactory/api/npm/npm-all/is-fullwidth-code-point/-/is-fullwidth-code-point-3.0.0.tgz#f116f8064fe90b3f7844a38997c0b75051269f1d"
    integrity sha1-8Rb4Bk/pCz94RKOJl8C3UFEmnx0=
  
  iterall@^1.3.0:
    version "1.3.0"
    resolved "https://artifactory.g.devqa.gcp.dev.paypalinc.com/artifactory/api/npm/npm-all/iterall/-/iterall-1.3.0.tgz#afcb08492e2915cbd8a0884eb93a8c94d0d72fea"
    integrity sha1-r8sISS4pFcvYoIhOuTqMlNDXL+o=
  
  js-yaml@^4.0.0:
    version "4.1.0"
    resolved "https://artifactory.g.devqa.gcp.dev.paypalinc.com/artifactory/api/npm/npm-all/js-yaml/-/js-yaml-4.1.0.tgz#c1fb65f8f5017901cdd2c951864ba18458a10602"
    integrity sha1-wftl+PUBeQHN0slRhkuhhFihBgI=
    dependencies:
      argparse "^2.0.1"
  
  libphonenumber-js@^1.9.43:
    version "1.9.43"
    resolved "https://artifactory.g.devqa.gcp.dev.paypalinc.com/artifactory/api/npm/npm-all/libphonenumber-js/-/libphonenumber-js-1.9.43.tgz#2371e4383e6780990381d5b900b8c22666221cbb"
    integrity sha1-I3HkOD5ngJkDgdW5ALjCJmYiHLs=
  
  lodash.defaults@^4.2.0:
    version "4.2.0"
    resolved "https://artifactory.g.devqa.gcp.dev.paypalinc.com/artifactory/api/npm/npm-all/lodash.defaults/-/lodash.defaults-4.2.0.tgz#d09178716ffea4dde9e5fb7b37f6f0802274580c"
    integrity sha1-0JF4cW/+pN3p5ft7N/bwgCJ0WAw=
  
  lodash.flatten@^4.4.0:
    version "4.4.0"
    resolved "https://artifactory.g.devqa.gcp.dev.paypalinc.com/artifactory/api/npm/npm-all/lodash.flatten/-/lodash.flatten-4.4.0.tgz#f31c22225a9632d2bbf8e4addbef240aa765a61f"
    integrity sha1-8xwiIlqWMtK7+OSt2+8kCqdlph8=
  
  lodash.get@^4.4.2:
    version "4.4.2"
    resolved "https://artifactory.g.devqa.gcp.dev.paypalinc.com/artifactory/api/npm/npm-all/lodash.get/-/lodash.get-4.4.2.tgz#2d177f652fa31e939b4438d5341499dfa3825e99"
    integrity sha1-LRd/ZS+jHpObRDjVNBSZ36OCXpk=
  
  lodash.isarguments@^3.1.0:
    version "3.1.0"
    resolved "https://artifactory.g.devqa.gcp.dev.paypalinc.com/artifactory/api/npm/npm-all/lodash.isarguments/-/lodash.isarguments-3.1.0.tgz#2f573d85c6a24289ff00663b491c1d338ff3458a"
    integrity sha1-L1c9hcaiQon/AGY7SRwdM4/zRYo=
  
  lodash.sortby@^4.7.0:
    version "4.7.0"
    resolved "https://artifactory.g.devqa.gcp.dev.paypalinc.com/artifactory/api/npm/npm-all/lodash.sortby/-/lodash.sortby-4.7.0.tgz#edd14c824e2cc9c1e0b0a1b42bb5210516a42438"
    integrity sha1-7dFMgk4sycHgsKG0K7UhBRakJDg=
  
  loglevel@^1.6.8:
    version "1.8.0"
    resolved "https://artifactory.g.devqa.gcp.dev.paypalinc.com/artifactory/api/npm/npm-all/loglevel/-/loglevel-1.8.0.tgz#e7ec73a57e1e7b419cb6c6ac06bf050b67356114"
    integrity sha1-5+xzpX4ee0GctsasBr8FC2c1YRQ=
  
  long@^4.0.0:
    version "4.0.0"
    resolved "https://artifactory.g.devqa.gcp.dev.paypalinc.com/artifactory/api/npm/npm-all/long/-/long-4.0.0.tgz#9a7b71cfb7d361a194ea555241c92f7468d5bf28"
    integrity sha1-mntxz7fTYaGU6lVSQckvdGjVvyg=
  
  lru-cache@^6.0.0:
    version "6.0.0"
    resolved "https://artifactory.g.devqa.gcp.dev.paypalinc.com/artifactory/api/npm/npm-all/lru-cache/-/lru-cache-6.0.0.tgz#6d6fe6570ebd96aaf90fcad1dafa3b2566db3a94"
    integrity sha1-bW/mVw69lqr5D8rR2vo7JWbbOpQ=
    dependencies:
      yallist "^4.0.0"
  
  make-dir@^3.1.0:
    version "3.1.0"
    resolved "https://artifactory.g.devqa.gcp.dev.paypalinc.com/artifactory/api/npm/npm-all/make-dir/-/make-dir-3.1.0.tgz#415e967046b3a7f1d185277d84aa58203726a13f"
    integrity sha1-QV6WcEazp/HRhSd9hKpYIDcmoT8=
    dependencies:
      semver "^6.0.0"
  
  make-error@^1.1.1:
    version "1.3.6"
    resolved "https://artifactory.g.devqa.gcp.dev.paypalinc.com/artifactory/api/npm/npm-all/make-error/-/make-error-1.3.6.tgz#2eb2e37ea9b67c4891f684a1394799af484cf7a2"
    integrity sha1-LrLjfqm2fEiR9oShOUeZr0hM96I=
  
  media-typer@0.3.0:
    version "0.3.0"
    resolved "https://artifactory.g.devqa.gcp.dev.paypalinc.com/artifactory/api/npm/npm-all/media-typer/-/media-typer-0.3.0.tgz#8710d7af0aa626f8fffa1ce00168545263255748"
    integrity sha1-hxDXrwqmJvj/+hzgAWhUUmMlV0g=
  
  merge-descriptors@1.0.1:
    version "1.0.1"
    resolved "https://artifactory.g.devqa.gcp.dev.paypalinc.com/artifactory/api/npm/npm-all/merge-descriptors/-/merge-descriptors-1.0.1.tgz#b00aaa556dd8b44568150ec9d1b953f3f90cbb61"
    integrity sha1-sAqqVW3YtEVoFQ7J0blT8/kMu2E=
  
  methods@~1.1.2:
    version "1.1.2"
    resolved "https://artifactory.g.devqa.gcp.dev.paypalinc.com/artifactory/api/npm/npm-all/methods/-/methods-1.1.2.tgz#5529a4d67654134edcc5266656835b0f851afcee"
    integrity sha1-VSmk1nZUE07cxSZmVoNbD4Ua/O4=
  
  mime-db@1.51.0:
    version "1.51.0"
    resolved "https://artifactory.g.devqa.gcp.dev.paypalinc.com/artifactory/api/npm/npm-all/mime-db/-/mime-db-1.51.0.tgz#d9ff62451859b18342d960850dc3cfb77e63fb0c"
    integrity sha1-2f9iRRhZsYNC2WCFDcPPt35j+ww=
  
  mime-types@~2.1.24:
    version "2.1.34"
    resolved "https://artifactory.g.devqa.gcp.dev.paypalinc.com/artifactory/api/npm/npm-all/mime-types/-/mime-types-2.1.34.tgz#5a712f9ec1503511a945803640fafe09d3793c24"
    integrity sha1-WnEvnsFQNRGpRYA2QPr+CdN5PCQ=
    dependencies:
      mime-db "1.51.0"
  
  mime@1.6.0:
    version "1.6.0"
    resolved "https://artifactory.g.devqa.gcp.dev.paypalinc.com/artifactory/api/npm/npm-all/mime/-/mime-1.6.0.tgz#32cd9e5c64553bd58d19a568af452acff04981b1"
    integrity sha1-Ms2eXGRVO9WNGaVor0Uqz/BJgbE=
  
  minimatch@^3.0.4:
    version "3.0.4"
    resolved "https://artifactory.g.devqa.gcp.dev.paypalinc.com/artifactory/api/npm/npm-all/minimatch/-/minimatch-3.0.4.tgz#5166e286457f03306064be5497e8dbb0c3d32083"
    integrity sha1-UWbihkV/AzBgZL5Ul+jbsMPTIIM=
    dependencies:
      brace-expansion "^1.1.7"
  
  minipass@^3.0.0:
    version "3.1.5"
    resolved "https://artifactory.g.devqa.gcp.dev.paypalinc.com/artifactory/api/npm/npm-all/minipass/-/minipass-3.1.5.tgz#71f6251b0a33a49c01b3cf97ff77eda030dff732"
    integrity sha1-cfYlGwozpJwBs8+X/3ftoDDf9zI=
    dependencies:
      yallist "^4.0.0"
  
  minizlib@^2.1.1:
    version "2.1.2"
    resolved "https://artifactory.g.devqa.gcp.dev.paypalinc.com/artifactory/api/npm/npm-all/minizlib/-/minizlib-2.1.2.tgz#e90d3466ba209b932451508a11ce3d3632145931"
    integrity sha1-6Q00Zrogm5MkUVCKEc49NjIUWTE=
    dependencies:
      minipass "^3.0.0"
      yallist "^4.0.0"
  
  mkdirp@^1.0.3, mkdirp@^1.0.4:
    version "1.0.4"
    resolved "https://artifactory.g.devqa.gcp.dev.paypalinc.com/artifactory/api/npm/npm-all/mkdirp/-/mkdirp-1.0.4.tgz#3eb5ed62622756d79a5f0e2a221dfebad75c2f7e"
    integrity sha1-PrXtYmInVteaXw4qIh3+utdcL34=
  
  ms@2.0.0:
    version "2.0.0"
    resolved "https://artifactory.g.devqa.gcp.dev.paypalinc.com/artifactory/api/npm/npm-all/ms/-/ms-2.0.0.tgz#5608aeadfc00be6c2901df5f9861788de0d597c8"
    integrity sha1-VgiurfwAvmwpAd9fmGF4jeDVl8g=
  
  ms@2.1.1:
    version "2.1.1"
    resolved "https://artifactory.g.devqa.gcp.dev.paypalinc.com/artifactory/api/npm/npm-all/ms/-/ms-2.1.1.tgz#30a5864eb3ebb0a66f2ebe6d727af06a09d86e0a"
    integrity sha1-MKWGTrPrsKZvLr5tcnrwagnYbgo=
  
  ms@2.1.2:
    version "2.1.2"
    resolved "https://artifactory.g.devqa.gcp.dev.paypalinc.com/artifactory/api/npm/npm-all/ms/-/ms-2.1.2.tgz#d09d1f357b443f493382a8eb3ccd183872ae6009"
    integrity sha1-0J0fNXtEP0kzgqjrPM0YOHKuYAk=
  
  mz@^2.4.0:
    version "2.7.0"
    resolved "https://artifactory.g.devqa.gcp.dev.paypalinc.com/artifactory/api/npm/npm-all/mz/-/mz-2.7.0.tgz#95008057a56cafadc2bc63dde7f9ff6955948e32"
    integrity sha1-lQCAV6Vsr63CvGPd5/n/aVWUjjI=
    dependencies:
      any-promise "^1.0.0"
      object-assign "^4.0.1"
      thenify-all "^1.0.0"
  
  negotiator@0.6.2:
    version "0.6.2"
    resolved "https://artifactory.g.devqa.gcp.dev.paypalinc.com/artifactory/api/npm/npm-all/negotiator/-/negotiator-0.6.2.tgz#feacf7ccf525a77ae9634436a64883ffeca346fb"
    integrity sha1-/qz3zPUlp3rpY0Q2pkiD/+yjRvs=
  
  node-addon-api@^3.0.2:
    version "3.2.1"
    resolved "https://artifactory.g.devqa.gcp.dev.paypalinc.com/artifactory/api/npm/npm-all/node-addon-api/-/node-addon-api-3.2.1.tgz#81325e0a2117789c0128dab65e7e38f07ceba161"
    integrity sha1-gTJeCiEXeJwBKNq2Xn448HzroWE=
  
  node-fetch@^2.6.1, node-fetch@^2.6.5:
    version "2.6.6"
    resolved "https://artifactory.g.devqa.gcp.dev.paypalinc.com/artifactory/api/npm/npm-all/node-fetch/-/node-fetch-2.6.6.tgz#1751a7c01834e8e1697758732e9efb6eeadfaf89"
    integrity sha1-F1GnwBg06OFpd1hzLp77burfr4k=
    dependencies:
      whatwg-url "^5.0.0"
  
  nodemailer@^6.7.1:
    version "6.7.1"
    resolved "https://artifactory.g.devqa.gcp.dev.paypalinc.com/artifactory/api/npm/npm-all/nodemailer/-/nodemailer-6.7.1.tgz#09f72f8b375f7b259291757007bcd902c0174c6e"
    integrity sha1-CfcvizdfeyWSkXVwB7zZAsAXTG4=
  
  nopt@^5.0.0:
    version "5.0.0"
    resolved "https://artifactory.g.devqa.gcp.dev.paypalinc.com/artifactory/api/npm/npm-all/nopt/-/nopt-5.0.0.tgz#530942bb58a512fccafe53fe210f13a25355dc88"
    integrity sha1-UwlCu1ilEvzK/lP+IQ8TolNV3Ig=
    dependencies:
      abbrev "1"
  
  npmlog@^6.0.0:
    version "6.0.0"
    resolved "https://artifactory.g.devqa.gcp.dev.paypalinc.com/artifactory/api/npm/npm-all/npmlog/-/npmlog-6.0.0.tgz#ba9ef39413c3d936ea91553db7be49c34ad0520c"
    integrity sha1-up7zlBPD2TbqkVU9t75Jw0rQUgw=
    dependencies:
      are-we-there-yet "^2.0.0"
      console-control-strings "^1.1.0"
      gauge "^4.0.0"
      set-blocking "^2.0.0"
  
  object-assign@^4, object-assign@^4.0.1:
    version "4.1.1"
    resolved "https://artifactory.g.devqa.gcp.dev.paypalinc.com/artifactory/api/npm/npm-all/object-assign/-/object-assign-4.1.1.tgz#2109adc7965887cfc05cbbd442cac8bfbb360863"
    integrity sha1-IQmtx5ZYh8/AXLvUQsrIv7s2CGM=
  
  on-finished@~2.3.0:
    version "2.3.0"
    resolved "https://artifactory.g.devqa.gcp.dev.paypalinc.com/artifactory/api/npm/npm-all/on-finished/-/on-finished-2.3.0.tgz#20f1336481b083cd75337992a16971aa2d906947"
    integrity sha1-IPEzZIGwg811M3mSoWlxqi2QaUc=
    dependencies:
      ee-first "1.1.1"
  
  on-headers@~1.0.2:
    version "1.0.2"
    resolved "https://artifactory.g.devqa.gcp.dev.paypalinc.com/artifactory/api/npm/npm-all/on-headers/-/on-headers-1.0.2.tgz#772b0ae6aaa525c399e489adfad90c403eb3c28f"
    integrity sha1-dysK5qqlJcOZ5Imt+tkMQD6zwo8=
  
  once@^1.3.0:
    version "1.4.0"
    resolved "https://artifactory.g.devqa.gcp.dev.paypalinc.com/artifactory/api/npm/npm-all/once/-/once-1.4.0.tgz#583b1aa775961d4b113ac17d9c50baef9dd76bd1"
    integrity sha1-WDsap3WWHUsROsF9nFC6753Xa9E=
    dependencies:
      wrappy "1"
  
  opencollective-postinstall@^2.0.3:
    version "2.0.3"
    resolved "https://artifactory.g.devqa.gcp.dev.paypalinc.com/artifactory/api/npm/npm-all/opencollective-postinstall/-/opencollective-postinstall-2.0.3.tgz#7a0fff978f6dbfa4d006238fbac98ed4198c3259"
    integrity sha1-eg//l49tv6TQBiOPusmO1BmMMlk=
  
  p-map@^2.1.0:
    version "2.1.0"
    resolved "https://artifactory.g.devqa.gcp.dev.paypalinc.com/artifactory/api/npm/npm-all/p-map/-/p-map-2.1.0.tgz#310928feef9c9ecc65b68b17693018a665cea175"
    integrity sha1-MQko/u+cnsxltosXaTAYpmXOoXU=
  
  packet-reader@1.0.0:
    version "1.0.0"
    resolved "https://artifactory.g.devqa.gcp.dev.paypalinc.com/artifactory/api/npm/npm-all/packet-reader/-/packet-reader-1.0.0.tgz#9238e5480dedabacfe1fe3f2771063f164157d74"
    integrity sha1-kjjlSA3tq6z+H+PydxBj8WQVfXQ=
  
  parse5-htmlparser2-tree-adapter@^6.0.0:
    version "6.0.1"
    resolved "https://artifactory.g.devqa.gcp.dev.paypalinc.com/artifactory/api/npm/npm-all/parse5-htmlparser2-tree-adapter/-/parse5-htmlparser2-tree-adapter-6.0.1.tgz#2cdf9ad823321140370d4dbf5d3e92c7c8ddc6e6"
    integrity sha1-LN+a2CMyEUA3DU2/XT6Sx8jdxuY=
    dependencies:
      parse5 "^6.0.1"
  
  parse5@^5.1.1:
    version "5.1.1"
    resolved "https://artifactory.g.devqa.gcp.dev.paypalinc.com/artifactory/api/npm/npm-all/parse5/-/parse5-5.1.1.tgz#f68e4e5ba1852ac2cadc00f4555fff6c2abb6178"
    integrity sha1-9o5OW6GFKsLK3AD0VV//bCq7YXg=
  
  parse5@^6.0.1:
    version "6.0.1"
    resolved "https://artifactory.g.devqa.gcp.dev.paypalinc.com/artifactory/api/npm/npm-all/parse5/-/parse5-6.0.1.tgz#e1a1c085c569b3dc08321184f19a39cc27f7c30b"
    integrity sha1-4aHAhcVps9wIMhGE8Zo5zCf3wws=
  
  parseurl@^1.3.3, parseurl@~1.3.3:
    version "1.3.3"
    resolved "https://artifactory.g.devqa.gcp.dev.paypalinc.com/artifactory/api/npm/npm-all/parseurl/-/parseurl-1.3.3.tgz#9da19e7bee8d12dff0513ed5b76957793bc2e8d4"
    integrity sha1-naGee+6NEt/wUT7Vt2lXeTvC6NQ=
  
  path-is-absolute@^1.0.0:
    version "1.0.1"
    resolved "https://artifactory.g.devqa.gcp.dev.paypalinc.com/artifactory/api/npm/npm-all/path-is-absolute/-/path-is-absolute-1.0.1.tgz#174b9268735534ffbc7ace6bf53a5a9e1b5c5f5f"
    integrity sha1-F0uSaHNVNP+8es5r9TpanhtcX18=
  
  path-to-regexp@0.1.7:
    version "0.1.7"
    resolved "https://artifactory.g.devqa.gcp.dev.paypalinc.com/artifactory/api/npm/npm-all/path-to-regexp/-/path-to-regexp-0.1.7.tgz#df604178005f522f15eb4490e7247a1bfaa67f8c"
    integrity sha1-32BBeABfUi8V60SQ5yR6G/qmf4w=
  
  pg-connection-string@^2.5.0:
    version "2.5.0"
    resolved "https://artifactory.g.devqa.gcp.dev.paypalinc.com/artifactory/api/npm/npm-all/pg-connection-string/-/pg-connection-string-2.5.0.tgz#538cadd0f7e603fc09a12590f3b8a452c2c0cf34"
    integrity sha1-U4yt0PfmA/wJoSWQ87ikUsLAzzQ=
  
  pg-int8@1.0.1:
    version "1.0.1"
    resolved "https://artifactory.g.devqa.gcp.dev.paypalinc.com/artifactory/api/npm/npm-all/pg-int8/-/pg-int8-1.0.1.tgz#943bd463bf5b71b4170115f80f8efc9a0c0eb78c"
    integrity sha1-lDvUY79bcbQXARX4D478mgwOt4w=
  
  pg-pool@^3.4.1:
    version "3.4.1"
    resolved "https://artifactory.g.devqa.gcp.dev.paypalinc.com/artifactory/api/npm/npm-all/pg-pool/-/pg-pool-3.4.1.tgz#0e71ce2c67b442a5e862a9c182172c37eda71e9c"
    integrity sha1-DnHOLGe0QqXoYqnBghcsN+2nHpw=
  
  pg-protocol@*, pg-protocol@^1.5.0:
    version "1.5.0"
    resolved "https://artifactory.g.devqa.gcp.dev.paypalinc.com/artifactory/api/npm/npm-all/pg-protocol/-/pg-protocol-1.5.0.tgz#b5dd452257314565e2d54ab3c132adc46565a6a0"
    integrity sha1-td1FIlcxRWXi1UqzwTKtxGVlpqA=
  
  pg-types@^2.1.0, pg-types@^2.2.0:
    version "2.2.0"
    resolved "https://artifactory.g.devqa.gcp.dev.paypalinc.com/artifactory/api/npm/npm-all/pg-types/-/pg-types-2.2.0.tgz#2d0250d636454f7cfa3b6ae0382fdfa8063254a3"
    integrity sha1-LQJQ1jZFT3z6O2rgOC/fqAYyVKM=
    dependencies:
      pg-int8 "1.0.1"
      postgres-array "~2.0.0"
      postgres-bytea "~1.0.0"
      postgres-date "~1.0.4"
      postgres-interval "^1.1.0"
  
  pg@^8.7.1:
    version "8.7.1"
    resolved "https://artifactory.g.devqa.gcp.dev.paypalinc.com/artifactory/api/npm/npm-all/pg/-/pg-8.7.1.tgz#9ea9d1ec225980c36f94e181d009ab9f4ce4c471"
    integrity sha1-nqnR7CJZgMNvlOGB0Amrn0zkxHE=
    dependencies:
      buffer-writer "2.0.0"
      packet-reader "1.0.0"
      pg-connection-string "^2.5.0"
      pg-pool "^3.4.1"
      pg-protocol "^1.5.0"
      pg-types "^2.1.0"
      pgpass "1.x"
  
  pgpass@1.x:
    version "1.0.4"
    resolved "https://artifactory.g.devqa.gcp.dev.paypalinc.com/artifactory/api/npm/npm-all/pgpass/-/pgpass-1.0.4.tgz#85eb93a83800b20f8057a2b029bf05abaf94ea9c"
    integrity sha1-heuTqDgAsg+AV6KwKb8Fq6+U6pw=
    dependencies:
      split2 "^3.1.1"
  
  postgres-array@~2.0.0:
    version "2.0.0"
    resolved "https://artifactory.g.devqa.gcp.dev.paypalinc.com/artifactory/api/npm/npm-all/postgres-array/-/postgres-array-2.0.0.tgz#48f8fce054fbc69671999329b8834b772652d82e"
    integrity sha1-SPj84FT7xpZxmZMpuINLdyZS2C4=
  
  postgres-bytea@~1.0.0:
    version "1.0.0"
    resolved "https://artifactory.g.devqa.gcp.dev.paypalinc.com/artifactory/api/npm/npm-all/postgres-bytea/-/postgres-bytea-1.0.0.tgz#027b533c0aa890e26d172d47cf9ccecc521acd35"
    integrity sha1-AntTPAqokOJtFy1Hz5zOzFIazTU=
  
  postgres-date@~1.0.4:
    version "1.0.7"
    resolved "https://artifactory.g.devqa.gcp.dev.paypalinc.com/artifactory/api/npm/npm-all/postgres-date/-/postgres-date-1.0.7.tgz#51bc086006005e5061c591cee727f2531bf641a8"
    integrity sha1-UbwIYAYAXlBhxZHO5yfyUxv2Qag=
  
  postgres-interval@^1.1.0:
    version "1.2.0"
    resolved "https://artifactory.g.devqa.gcp.dev.paypalinc.com/artifactory/api/npm/npm-all/postgres-interval/-/postgres-interval-1.2.0.tgz#b460c82cb1587507788819a06aa0fffdb3544695"
    integrity sha1-tGDILLFYdQd4iBmgaqD//bNURpU=
    dependencies:
      xtend "^4.0.0"
  
  proxy-addr@~2.0.5:
    version "2.0.7"
    resolved "https://artifactory.g.devqa.gcp.dev.paypalinc.com/artifactory/api/npm/npm-all/proxy-addr/-/proxy-addr-2.0.7.tgz#f19fe69ceab311eeb94b42e70e8c2070f9ba1025"
    integrity sha1-8Z/mnOqzEe65S0LnDowgcPm6ECU=
    dependencies:
      forwarded "0.2.0"
      ipaddr.js "1.9.1"
  
  qs@6.7.0:
    version "6.7.0"
    resolved "https://artifactory.g.devqa.gcp.dev.paypalinc.com/artifactory/api/npm/npm-all/qs/-/qs-6.7.0.tgz#41dc1a015e3d581f1621776be31afb2876a9b1bc"
    integrity sha1-QdwaAV49WB8WIXdr4xr7KHapsbw=
  
  random-bytes@~1.0.0:
    version "1.0.0"
    resolved "https://artifactory.g.devqa.gcp.dev.paypalinc.com/artifactory/api/npm/npm-all/random-bytes/-/random-bytes-1.0.0.tgz#4f68a1dc0ae58bd3fb95848c30324db75d64360b"
    integrity sha1-T2ih3Arli9P7lYSMMDJNt11kNgs=
  
  range-parser@~1.2.1:
    version "1.2.1"
    resolved "https://artifactory.g.devqa.gcp.dev.paypalinc.com/artifactory/api/npm/npm-all/range-parser/-/range-parser-1.2.1.tgz#3cf37023d199e1c24d1a55b84800c2f3e6468031"
    integrity sha1-PPNwI9GZ4cJNGlW4SADC8+ZGgDE=
  
  raw-body@2.4.0:
    version "2.4.0"
    resolved "https://artifactory.g.devqa.gcp.dev.paypalinc.com/artifactory/api/npm/npm-all/raw-body/-/raw-body-2.4.0.tgz#a1ce6fb9c9bc356ca52e89256ab59059e13d0332"
    integrity sha1-oc5vucm8NWylLoklarWQWeE9AzI=
    dependencies:
      bytes "3.1.0"
      http-errors "1.7.2"
      iconv-lite "0.4.24"
      unpipe "1.0.0"
  
  readable-stream@^3.0.0, readable-stream@^3.6.0:
    version "3.6.0"
    resolved "https://artifactory.g.devqa.gcp.dev.paypalinc.com/artifactory/api/npm/npm-all/readable-stream/-/readable-stream-3.6.0.tgz#337bbda3adc0706bd3e024426a286d4b4b2c9198"
    integrity sha1-M3u9o63AcGvT4CRCaihtS0sskZg=
    dependencies:
      inherits "^2.0.3"
      string_decoder "^1.1.1"
      util-deprecate "^1.0.1"
  
  redis-commands@1.7.0:
    version "1.7.0"
    resolved "https://artifactory.g.devqa.gcp.dev.paypalinc.com/artifactory/api/npm/npm-all/redis-commands/-/redis-commands-1.7.0.tgz#15a6fea2d58281e27b1cd1acfb4b293e278c3a89"
    integrity sha1-Fab+otWCgeJ7HNGs+0spPieMOok=
  
  redis-errors@^1.0.0, redis-errors@^1.2.0:
    version "1.2.0"
    resolved "https://artifactory.g.devqa.gcp.dev.paypalinc.com/artifactory/api/npm/npm-all/redis-errors/-/redis-errors-1.2.0.tgz#eb62d2adb15e4eaf4610c04afe1529384250abad"
    integrity sha1-62LSrbFeTq9GEMBK/hUpOEJQq60=
  
  redis-parser@^3.0.0:
    version "3.0.0"
    resolved "https://artifactory.g.devqa.gcp.dev.paypalinc.com/artifactory/api/npm/npm-all/redis-parser/-/redis-parser-3.0.0.tgz#b66d828cdcafe6b4b8a428a7def4c6bcac31c8b4"
    integrity sha1-tm2CjNyv5rS4pCin3vTGvKwxyLQ=
    dependencies:
      redis-errors "^1.0.0"
  
  reflect-metadata@^0.1.13:
    version "0.1.13"
    resolved "https://artifactory.g.devqa.gcp.dev.paypalinc.com/artifactory/api/npm/npm-all/reflect-metadata/-/reflect-metadata-0.1.13.tgz#67ae3ca57c972a2aa1642b10fe363fe32d49dc08"
    integrity sha1-Z648pXyXKiqhZCsQ/jY/4y1J3Ag=
  
  require-directory@^2.1.1:
    version "2.1.1"
    resolved "https://artifactory.g.devqa.gcp.dev.paypalinc.com/artifactory/api/npm/npm-all/require-directory/-/require-directory-2.1.1.tgz#8c64ad5fd30dab1c976e2344ffe7f792a6a6df42"
    integrity sha1-jGStX9MNqxyXbiNE/+f3kqam30I=
  
  retry@0.13.1:
    version "0.13.1"
    resolved "https://artifactory.g.devqa.gcp.dev.paypalinc.com/artifactory/api/npm/npm-all/retry/-/retry-0.13.1.tgz#185b1587acf67919d63b357349e03537b2484658"
    integrity sha1-GFsVh6z2eRnWOzVzSeA1N7JIRlg=
  
  rimraf@^3.0.2:
    version "3.0.2"
    resolved "https://artifactory.g.devqa.gcp.dev.paypalinc.com/artifactory/api/npm/npm-all/rimraf/-/rimraf-3.0.2.tgz#f1a5402ba6220ad52cc1282bac1ae3aa49fd061a"
    integrity sha1-8aVAK6YiCtUswSgrrBrjqkn9Bho=
    dependencies:
      glob "^7.1.3"
  
  safe-buffer@5.1.2:
    version "5.1.2"
    resolved "https://artifactory.g.devqa.gcp.dev.paypalinc.com/artifactory/api/npm/npm-all/safe-buffer/-/safe-buffer-5.1.2.tgz#991ec69d296e0313747d59bdfd2b745c35f8828d"
    integrity sha1-mR7GnSluAxN0fVm9/St0XDX4go0=
  
  safe-buffer@5.2.1, safe-buffer@^5.0.1, safe-buffer@~5.2.0:
    version "5.2.1"
    resolved "https://artifactory.g.devqa.gcp.dev.paypalinc.com/artifactory/api/npm/npm-all/safe-buffer/-/safe-buffer-5.2.1.tgz#1eaf9fa9bdb1fdd4ec75f58f9cdb4e6b7827eec6"
    integrity sha1-Hq+fqb2x/dTsdfWPnNtOa3gn7sY=
  
  "safer-buffer@>= 2.1.2 < 3":
    version "2.1.2"
    resolved "https://artifactory.g.devqa.gcp.dev.paypalinc.com/artifactory/api/npm/npm-all/safer-buffer/-/safer-buffer-2.1.2.tgz#44fa161b0187b9549dd84bb91802f9bd8385cd6a"
    integrity sha1-RPoWGwGHuVSd2Eu5GAL5vYOFzWo=
  
  sax@>=0.6.0:
    version "1.2.4"
    resolved "https://artifactory.g.devqa.gcp.dev.paypalinc.com/artifactory/api/npm/npm-all/sax/-/sax-1.2.4.tgz#2816234e2378bddc4e5354fab5caa895df7100d9"
    integrity sha1-KBYjTiN4vdxOU1T6tcqold9xANk=
  
  semver@^6.0.0:
    version "6.3.0"
    resolved "https://artifactory.g.devqa.gcp.dev.paypalinc.com/artifactory/api/npm/npm-all/semver/-/semver-6.3.0.tgz#ee0a64c8af5e8ceea67687b133761e1becbd1d3d"
    integrity sha1-7gpkyK9ejO6mdoexM3YeG+y9HT0=
  
  semver@^7.3.2, semver@^7.3.5:
    version "7.3.5"
    resolved "https://artifactory.g.devqa.gcp.dev.paypalinc.com/artifactory/api/npm/npm-all/semver/-/semver-7.3.5.tgz#0b621c879348d8998e4b0e4be94b3f12e6018ef7"
    integrity sha1-C2Ich5NI2JmOSw5L6Us/EuYBjvc=
    dependencies:
      lru-cache "^6.0.0"
  
  send@0.17.1:
    version "0.17.1"
    resolved "https://artifactory.g.devqa.gcp.dev.paypalinc.com/artifactory/api/npm/npm-all/send/-/send-0.17.1.tgz#c1d8b059f7900f7466dd4938bdc44e11ddb376c8"
    integrity sha1-wdiwWfeQD3Rm3Uk4vcROEd2zdsg=
    dependencies:
      debug "2.6.9"
      depd "~1.1.2"
      destroy "~1.0.4"
      encodeurl "~1.0.2"
      escape-html "~1.0.3"
      etag "~1.8.1"
      fresh "0.5.2"
      http-errors "~1.7.2"
      mime "1.6.0"
      ms "2.1.1"
      on-finished "~2.3.0"
      range-parser "~1.2.1"
      statuses "~1.5.0"
  
  serve-static@1.14.1:
    version "1.14.1"
    resolved "https://artifactory.g.devqa.gcp.dev.paypalinc.com/artifactory/api/npm/npm-all/serve-static/-/serve-static-1.14.1.tgz#666e636dc4f010f7ef29970a88a674320898b2f9"
    integrity sha1-Zm5jbcTwEPfvKZcKiKZ0MgiYsvk=
    dependencies:
      encodeurl "~1.0.2"
      escape-html "~1.0.3"
      parseurl "~1.3.3"
      send "0.17.1"
  
  set-blocking@^2.0.0:
    version "2.0.0"
    resolved "https://artifactory.g.devqa.gcp.dev.paypalinc.com/artifactory/api/npm/npm-all/set-blocking/-/set-blocking-2.0.0.tgz#045f9782d011ae9a6803ddd382b24392b3d890f7"
    integrity sha1-BF+XgtARrppoA93TgrJDkrPYkPc=
  
  setprototypeof@1.1.1:
    version "1.1.1"
    resolved "https://artifactory.g.devqa.gcp.dev.paypalinc.com/artifactory/api/npm/npm-all/setprototypeof/-/setprototypeof-1.1.1.tgz#7e95acb24aa92f5885e0abef5ba131330d4ae683"
    integrity sha1-fpWsskqpL1iF4KvvW6ExMw1K5oM=
  
  sha.js@^2.4.11:
    version "2.4.11"
    resolved "https://artifactory.g.devqa.gcp.dev.paypalinc.com/artifactory/api/npm/npm-all/sha.js/-/sha.js-2.4.11.tgz#37a5cf0b81ecbc6943de109ba2960d1b26584ae7"
    integrity sha1-N6XPC4HsvGlD3hCbopYNGyZYSuc=
    dependencies:
      inherits "^2.0.1"
      safe-buffer "^5.0.1"
  
  signal-exit@^3.0.0:
    version "3.0.6"
    resolved "https://artifactory.g.devqa.gcp.dev.paypalinc.com/artifactory/api/npm/npm-all/signal-exit/-/signal-exit-3.0.6.tgz#24e630c4b0f03fea446a2bd299e62b4a6ca8d0af"
    integrity sha1-JOYwxLDwP+pEaivSmeYrSmyo0K8=
  
  split2@^3.1.1:
    version "3.2.2"
    resolved "https://artifactory.g.devqa.gcp.dev.paypalinc.com/artifactory/api/npm/npm-all/split2/-/split2-3.2.2.tgz#bf2cf2a37d838312c249c89206fd7a17dd12365f"
    integrity sha1-vyzyo32DgxLCSciSBv16F90SNl8=
    dependencies:
      readable-stream "^3.0.0"
  
  standard-as-callback@^2.1.0:
    version "2.1.0"
    resolved "https://artifactory.g.devqa.gcp.dev.paypalinc.com/artifactory/api/npm/npm-all/standard-as-callback/-/standard-as-callback-2.1.0.tgz#8953fc05359868a77b5b9739a665c5977bb7df45"
    integrity sha1-iVP8BTWYaKd7W5c5pmXFl3u330U=
  
  "statuses@>= 1.5.0 < 2", statuses@~1.5.0:
    version "1.5.0"
    resolved "https://artifactory.g.devqa.gcp.dev.paypalinc.com/artifactory/api/npm/npm-all/statuses/-/statuses-1.5.0.tgz#161c7dac177659fd9811f43771fa99381478628c"
    integrity sha1-Fhx9rBd2Wf2YEfQ3cfqZOBR4Yow=
  
  "string-width@^1.0.2 || 2 || 3 || 4", string-width@^4.1.0, string-width@^4.2.0, string-width@^4.2.3:
    version "4.2.3"
    resolved "https://artifactory.g.devqa.gcp.dev.paypalinc.com/artifactory/api/npm/npm-all/string-width/-/string-width-4.2.3.tgz#269c7117d27b05ad2e536830a8ec895ef9c6d010"
    integrity sha1-JpxxF9J7Ba0uU2gwqOyJXvnG0BA=
    dependencies:
      emoji-regex "^8.0.0"
      is-fullwidth-code-point "^3.0.0"
      strip-ansi "^6.0.1"
  
  string_decoder@^1.1.1:
    version "1.3.0"
    resolved "https://artifactory.g.devqa.gcp.dev.paypalinc.com/artifactory/api/npm/npm-all/string_decoder/-/string_decoder-1.3.0.tgz#42f114594a46cf1a8e30b0a84f56c78c3edac21e"
    integrity sha1-QvEUWUpGzxqOMLCoT1bHjD7awh4=
    dependencies:
      safe-buffer "~5.2.0"
  
  strip-ansi@^6.0.0, strip-ansi@^6.0.1:
    version "6.0.1"
    resolved "https://artifactory.g.devqa.gcp.dev.paypalinc.com/artifactory/api/npm/npm-all/strip-ansi/-/strip-ansi-6.0.1.tgz#9e26c63d30f53443e9489495b2105d37b67a85d9"
    integrity sha1-nibGPTD1NEPpSJSVshBdN7Z6hdk=
    dependencies:
      ansi-regex "^5.0.1"
  
  supports-color@^7.1.0:
    version "7.2.0"
    resolved "https://artifactory.g.devqa.gcp.dev.paypalinc.com/artifactory/api/npm/npm-all/supports-color/-/supports-color-7.2.0.tgz#1b7dcdcb32b8138801b3e478ba6a51caa89648da"
    integrity sha1-G33NyzK4E4gBs+R4umpRyqiWSNo=
    dependencies:
      has-flag "^4.0.0"
  
  tar@^6.1.11:
    version "6.1.11"
    resolved "https://artifactory.g.devqa.gcp.dev.paypalinc.com/artifactory/api/npm/npm-all/tar/-/tar-6.1.11.tgz#6760a38f003afa1b2ffd0ffe9e9abbd0eab3d621"
    integrity sha1-Z2CjjwA6+hsv/Q/+npq70Oqz1iE=
    dependencies:
      chownr "^2.0.0"
      fs-minipass "^2.0.0"
      minipass "^3.0.0"
      minizlib "^2.1.1"
      mkdirp "^1.0.3"
      yallist "^4.0.0"
  
  thenify-all@^1.0.0:
    version "1.6.0"
    resolved "https://artifactory.g.devqa.gcp.dev.paypalinc.com/artifactory/api/npm/npm-all/thenify-all/-/thenify-all-1.6.0.tgz#1a1918d402d8fc3f98fbf234db0bcc8cc10e9726"
    integrity sha1-GhkY1ALY/D+Y+/I02wvMjMEOlyY=
    dependencies:
      thenify ">= 3.1.0 < 4"
  
  "thenify@>= 3.1.0 < 4":
    version "3.3.1"
    resolved "https://artifactory.g.devqa.gcp.dev.paypalinc.com/artifactory/api/npm/npm-all/thenify/-/thenify-3.3.1.tgz#8932e686a4066038a016dd9e2ca46add9838a95f"
    integrity sha1-iTLmhqQGYDigFt2eLKRq3Zg4qV8=
    dependencies:
      any-promise "^1.0.0"
  
  toidentifier@1.0.0:
    version "1.0.0"
    resolved "https://artifactory.g.devqa.gcp.dev.paypalinc.com/artifactory/api/npm/npm-all/toidentifier/-/toidentifier-1.0.0.tgz#7e1be3470f1e77948bc43d94a3c8f4d7752ba553"
    integrity sha1-fhvjRw8ed5SLxD2Uo8j013UrpVM=
  
  tr46@~0.0.3:
    version "0.0.3"
    resolved "https://artifactory.g.devqa.gcp.dev.paypalinc.com/artifactory/api/npm/npm-all/tr46/-/tr46-0.0.3.tgz#8184fd347dac9cdc185992f3a6622e14b9d9ab6a"
    integrity sha1-gYT9NH2snNwYWZLzpmIuFLnZq2o=
  
  ts-node@^10.4.0:
    version "10.4.0"
    resolved "https://artifactory.g.devqa.gcp.dev.paypalinc.com/artifactory/api/npm/npm-all/ts-node/-/ts-node-10.4.0.tgz#680f88945885f4e6cf450e7f0d6223dd404895f7"
    integrity sha1-aA+IlFiF9ObPRQ5/DWIj3UBIlfc=
    dependencies:
      "@cspotcode/source-map-support" "0.7.0"
      "@tsconfig/node10" "^1.0.7"
      "@tsconfig/node12" "^1.0.7"
      "@tsconfig/node14" "^1.0.0"
      "@tsconfig/node16" "^1.0.2"
      acorn "^8.4.1"
      acorn-walk "^8.1.1"
      arg "^4.1.0"
      create-require "^1.1.0"
      diff "^4.0.1"
      make-error "^1.1.1"
      yn "3.1.1"
  
  tslib@^2.0.1, tslib@^2.1.0, tslib@~2.3.0:
    version "2.3.1"
    resolved "https://artifactory.g.devqa.gcp.dev.paypalinc.com/artifactory/api/npm/npm-all/tslib/-/tslib-2.3.1.tgz#e8a335add5ceae51aa261d32a490158ef042ef01"
    integrity sha1-6KM1rdXOrlGqJh0ypJAVjvBC7wE=
  
  type-graphql@^1.1.1:
    version "1.1.1"
    resolved "https://artifactory.g.devqa.gcp.dev.paypalinc.com/artifactory/api/npm/npm-all/type-graphql/-/type-graphql-1.1.1.tgz#dc0710d961713b92d3fee927981fa43bf71667a4"
    integrity sha1-3AcQ2WFxO5LT/uknmB+kO/cWZ6Q=
    dependencies:
      "@types/glob" "^7.1.3"
      "@types/node" "^14.11.2"
      "@types/semver" "^7.3.3"
      glob "^7.1.6"
      graphql-query-complexity "^0.7.0"
      graphql-subscriptions "^1.1.0"
      semver "^7.3.2"
      tslib "^2.0.1"
  
  type-is@~1.6.17, type-is@~1.6.18:
    version "1.6.18"
    resolved "https://artifactory.g.devqa.gcp.dev.paypalinc.com/artifactory/api/npm/npm-all/type-is/-/type-is-1.6.18.tgz#4e552cd05df09467dcbc4ef739de89f2cf37c131"
    integrity sha1-TlUs0F3wlGfcvE73Od6J8s83wTE=
    dependencies:
      media-typer "0.3.0"
      mime-types "~2.1.24"
  
  typeorm@^0.2.41:
    version "0.2.41"
    resolved "https://artifactory.g.devqa.gcp.dev.paypalinc.com/artifactory/api/npm/npm-all/typeorm/-/typeorm-0.2.41.tgz#88758101ac158dc0a0a903d70eaacea2974281cc"
    integrity sha1-iHWBAawVjcCgqQPXDqrOopdCgcw=
    dependencies:
      "@sqltools/formatter" "^1.2.2"
      app-root-path "^3.0.0"
      buffer "^6.0.3"
      chalk "^4.1.0"
      cli-highlight "^2.1.11"
      debug "^4.3.1"
      dotenv "^8.2.0"
      glob "^7.1.6"
      js-yaml "^4.0.0"
      mkdirp "^1.0.4"
      reflect-metadata "^0.1.13"
      sha.js "^2.4.11"
      tslib "^2.1.0"
      xml2js "^0.4.23"
      yargs "^17.0.1"
      zen-observable-ts "^1.0.0"
  
  typescript@^4.5.2:
    version "4.5.2"
    resolved "https://artifactory.g.devqa.gcp.dev.paypalinc.com/artifactory/api/npm/npm-all/typescript/-/typescript-4.5.2.tgz#8ac1fba9f52256fdb06fb89e4122fa6a346c2998"
    integrity sha1-isH7qfUiVv2wb7ieQSL6ajRsKZg=
  
  uid-safe@~2.1.5:
    version "2.1.5"
    resolved "https://artifactory.g.devqa.gcp.dev.paypalinc.com/artifactory/api/npm/npm-all/uid-safe/-/uid-safe-2.1.5.tgz#2b3d5c7240e8fc2e58f8aa269e5ee49c0857bd3a"
    integrity sha1-Kz1cckDo/C5Y+Komnl7knAhXvTo=
    dependencies:
      random-bytes "~1.0.0"
  
  unpipe@1.0.0, unpipe@~1.0.0:
    version "1.0.0"
    resolved "https://artifactory.g.devqa.gcp.dev.paypalinc.com/artifactory/api/npm/npm-all/unpipe/-/unpipe-1.0.0.tgz#b2bf4ee8514aae6165b4817829d21b2ef49904ec"
    integrity sha1-sr9O6FFKrmFltIF4KdIbLvSZBOw=
  
  util-deprecate@^1.0.1:
    version "1.0.2"
    resolved "https://artifactory.g.devqa.gcp.dev.paypalinc.com/artifactory/api/npm/npm-all/util-deprecate/-/util-deprecate-1.0.2.tgz#450d4dc9fa70de732762fbd2d4a28981419a0ccf"
    integrity sha1-RQ1Nyfpw3nMnYvvS1KKJgUGaDM8=
  
  utils-merge@1.0.1:
    version "1.0.1"
    resolved "https://artifactory.g.devqa.gcp.dev.paypalinc.com/artifactory/api/npm/npm-all/utils-merge/-/utils-merge-1.0.1.tgz#9f95710f50a267947b2ccc124741c1028427e713"
    integrity sha1-n5VxD1CiZ5R7LMwSR0HBAoQn5xM=
  
  uuid@^8.0.0, uuid@^8.3.2:
    version "8.3.2"
    resolved "https://artifactory.g.devqa.gcp.dev.paypalinc.com/artifactory/api/npm/npm-all/uuid/-/uuid-8.3.2.tgz#80d5b5ced271bb9af6c445f21a1a04c606cefbe2"
    integrity sha1-gNW1ztJxu5r2xEXyGhoExgbO++I=
  
  validator@^13.7.0:
    version "13.7.0"
    resolved "https://artifactory.g.devqa.gcp.dev.paypalinc.com/artifactory/api/npm/npm-all/validator/-/validator-13.7.0.tgz#4f9658ba13ba8f3d82ee881d3516489ea85c0857"
    integrity sha1-T5ZYuhO6jz2C7ogdNRZInqhcCFc=
  
  value-or-promise@1.0.11:
    version "1.0.11"
    resolved "https://artifactory.g.devqa.gcp.dev.paypalinc.com/artifactory/api/npm/npm-all/value-or-promise/-/value-or-promise-1.0.11.tgz#3e90299af31dd014fe843fe309cefa7c1d94b140"
    integrity sha1-PpApmvMd0BT+hD/jCc76fB2UsUA=
  
  vary@^1, vary@~1.1.2:
    version "1.1.2"
    resolved "https://artifactory.g.devqa.gcp.dev.paypalinc.com/artifactory/api/npm/npm-all/vary/-/vary-1.1.2.tgz#2299f02c6ded30d4a5961b0b9f74524a18f634fc"
    integrity sha1-IpnwLG3tMNSllhsLn3RSShj2NPw=
  
  webidl-conversions@^3.0.0:
    version "3.0.1"
    resolved "https://artifactory.g.devqa.gcp.dev.paypalinc.com/artifactory/api/npm/npm-all/webidl-conversions/-/webidl-conversions-3.0.1.tgz#24534275e2a7bc6be7bc86611cc16ae0a5654871"
    integrity sha1-JFNCdeKnvGvnvIZhHMFq4KVlSHE=
  
  whatwg-url@^5.0.0:
    version "5.0.0"
    resolved "https://artifactory.g.devqa.gcp.dev.paypalinc.com/artifactory/api/npm/npm-all/whatwg-url/-/whatwg-url-5.0.0.tgz#966454e8765462e37644d3626f6742ce8b70965d"
    integrity sha1-lmRU6HZUYuN2RNNib2dCzotwll0=
    dependencies:
      tr46 "~0.0.3"
      webidl-conversions "^3.0.0"
  
  wide-align@^1.1.2:
    version "1.1.5"
    resolved "https://artifactory.g.devqa.gcp.dev.paypalinc.com/artifactory/api/npm/npm-all/wide-align/-/wide-align-1.1.5.tgz#df1d4c206854369ecf3c9a4898f1b23fbd9d15d3"
    integrity sha1-3x1MIGhUNp7PPJpImPGyP72dFdM=
    dependencies:
      string-width "^1.0.2 || 2 || 3 || 4"
  
  wrap-ansi@^7.0.0:
    version "7.0.0"
    resolved "https://artifactory.g.devqa.gcp.dev.paypalinc.com/artifactory/api/npm/npm-all/wrap-ansi/-/wrap-ansi-7.0.0.tgz#67e145cff510a6a6984bdf1152911d69d2eb9e43"
    integrity sha1-Z+FFz/UQpqaYS98RUpEdadLrnkM=
    dependencies:
      ansi-styles "^4.0.0"
      string-width "^4.1.0"
      strip-ansi "^6.0.0"
  
  wrappy@1:
    version "1.0.2"
    resolved "https://artifactory.g.devqa.gcp.dev.paypalinc.com/artifactory/api/npm/npm-all/wrappy/-/wrappy-1.0.2.tgz#b5243d8f3ec1aa35f1364605bc0d1036e30ab69f"
    integrity sha1-tSQ9jz7BqjXxNkYFvA0QNuMKtp8=
  
  xml2js@^0.4.23:
    version "0.4.23"
    resolved "https://artifactory.g.devqa.gcp.dev.paypalinc.com/artifactory/api/npm/npm-all/xml2js/-/xml2js-0.4.23.tgz#a0c69516752421eb2ac758ee4d4ccf58843eac66"
    integrity sha1-oMaVFnUkIesqx1juTUzPWIQ+rGY=
    dependencies:
      sax ">=0.6.0"
      xmlbuilder "~11.0.0"
  
  xmlbuilder@~11.0.0:
    version "11.0.1"
    resolved "https://artifactory.g.devqa.gcp.dev.paypalinc.com/artifactory/api/npm/npm-all/xmlbuilder/-/xmlbuilder-11.0.1.tgz#be9bae1c8a046e76b31127726347d0ad7002beb3"
    integrity sha1-vpuuHIoEbnazESdyY0fQrXACvrM=
  
  xss@^1.0.8:
    version "1.0.10"
    resolved "https://artifactory.g.devqa.gcp.dev.paypalinc.com/artifactory/api/npm/npm-all/xss/-/xss-1.0.10.tgz#5cd63a9b147a755a14cb0455c7db8866120eb4d2"
    integrity sha1-XNY6mxR6dVoUywRVx9uIZhIOtNI=
    dependencies:
      commander "^2.20.3"
      cssfilter "0.0.10"
  
  xtend@^4.0.0:
    version "4.0.2"
    resolved "https://artifactory.g.devqa.gcp.dev.paypalinc.com/artifactory/api/npm/npm-all/xtend/-/xtend-4.0.2.tgz#bb72779f5fa465186b1f438f674fa347fdb5db54"
    integrity sha1-u3J3n1+kZRhrH0OPZ0+jR/2121Q=
  
  y18n@^5.0.5:
    version "5.0.8"
    resolved "https://artifactory.g.devqa.gcp.dev.paypalinc.com/artifactory/api/npm/npm-all/y18n/-/y18n-5.0.8.tgz#7f4934d0f7ca8c56f95314939ddcd2dd91ce1d55"
    integrity sha1-f0k00PfKjFb5UxSTndzS3ZHOHVU=
  
  yallist@^4.0.0:
    version "4.0.0"
    resolved "https://artifactory.g.devqa.gcp.dev.paypalinc.com/artifactory/api/npm/npm-all/yallist/-/yallist-4.0.0.tgz#9bb92790d9c0effec63be73519e11a35019a3a72"
    integrity sha1-m7knkNnA7/7GO+c1GeEaNQGaOnI=
  
  yargs-parser@^20.2.2:
    version "20.2.9"
    resolved "https://artifactory.g.devqa.gcp.dev.paypalinc.com/artifactory/api/npm/npm-all/yargs-parser/-/yargs-parser-20.2.9.tgz#2eb7dc3b0289718fc295f362753845c41a0c94ee"
    integrity sha1-LrfcOwKJcY/ClfNidThFxBoMlO4=
  
  yargs@^16.0.0:
    version "16.2.0"
    resolved "https://artifactory.g.devqa.gcp.dev.paypalinc.com/artifactory/api/npm/npm-all/yargs/-/yargs-16.2.0.tgz#1c82bf0f6b6a66eafce7ef30e376f49a12477f66"
    integrity sha1-HIK/D2tqZur85+8w43b0mhJHf2Y=
    dependencies:
      cliui "^7.0.2"
      escalade "^3.1.1"
      get-caller-file "^2.0.5"
      require-directory "^2.1.1"
      string-width "^4.2.0"
      y18n "^5.0.5"
      yargs-parser "^20.2.2"
  
  yargs@^17.0.1:
    version "17.2.1"
    resolved "https://artifactory.g.devqa.gcp.dev.paypalinc.com/artifactory/api/npm/npm-all/yargs/-/yargs-17.2.1.tgz#e2c95b9796a0e1f7f3bf4427863b42e0418191ea"
    integrity sha1-4slbl5ag4ffzv0QnhjtC4EGBkeo=
    dependencies:
      cliui "^7.0.2"
      escalade "^3.1.1"
      get-caller-file "^2.0.5"
      require-directory "^2.1.1"
      string-width "^4.2.0"
      y18n "^5.0.5"
      yargs-parser "^20.2.2"
  
  yn@3.1.1:
    version "3.1.1"
    resolved "https://artifactory.g.devqa.gcp.dev.paypalinc.com/artifactory/api/npm/npm-all/yn/-/yn-3.1.1.tgz#1e87401a09d767c1d5eab26a6e4c185182d2eb50"
    integrity sha1-HodAGgnXZ8HV6rJqbkwYUYLS61A=
  
  zen-observable-ts@^1.0.0:
    version "1.1.0"
    resolved "https://artifactory.g.devqa.gcp.dev.paypalinc.com/artifactory/api/npm/npm-all/zen-observable-ts/-/zen-observable-ts-1.1.0.tgz#2d1aa9d79b87058e9b75698b92791c1838551f83"
    integrity sha1-LRqp15uHBY6bdWmLknkcGDhVH4M=
    dependencies:
      "@types/zen-observable" "0.8.3"
      zen-observable "0.8.15"
  
  zen-observable@0.8.15:
    version "0.8.15"
    resolved "https://artifactory.g.devqa.gcp.dev.paypalinc.com/artifactory/api/npm/npm-all/zen-observable/-/zen-observable-0.8.15.tgz#96415c512d8e3ffd920afd3889604e30b9eaac15"
    integrity sha1-lkFcUS2OP/2SCv04iWBOMLnqrBU=
